<?xml version="1.0" encoding="UTF-8"?>
<testsuite xmlns:xsi="http://www.w3.org/2001/XMLSchema-instance" xsi:noNamespaceSchemaLocation="https://maven.apache.org/surefire/maven-surefire-plugin/xsd/surefire-test-report.xsd" version="3.0.1" name="com.idrx.qa.testcases.RetailPageTest" time="86.074" tests="8" errors="0" skipped="0" failures="2">
  <properties>
[...]
</properties>
  <testcase name="vehicleSoldTest" classname="com.idrx.qa.testcases.RetailPageTest" time="15.134">
    <system-out><![CDATA[18:41:46 INFO  [main] com.idrx.qa.util.TestUtil - 🌐 Launching URL: https://sks.clarix.in/home
18:41:48 INFO  [main] com.idrx.qa.util.TestUtil - ✅ URL launched successfully
18:41:49 INFO  [main] com.idrx.qa.util.TestUtil - Entering Value in Username Field → 'admin'
18:41:49 INFO  [main] com.idrx.qa.util.TestUtil - ✅ Entered Value successfully in: Username Field
18:41:49 INFO  [main] com.idrx.qa.util.TestUtil - Entering Value in Password Field → 'admin'
18:41:50 INFO  [main] com.idrx.qa.util.TestUtil - ✅ Entered Value successfully in: Password Field
18:41:50 INFO  [main] com.idrx.qa.util.TestUtil - Clicking on: Submit Button
18:41:50 INFO  [main] com.idrx.qa.util.TestUtil - ✅ Clicked successfully on: Submit Button
--------Vehicle Sold--------
18:42:51 INFO  [main] com.idrx.qa.util.TestUtil - Asserting values. Expected: [17], Actual: [17]
18:42:51 INFO  [main] com.idrx.qa.util.TestUtil - Assertion passed: Vehicle Sold
]]></system-out>
    <system-err><![CDATA[SLF4J: Failed to load class "org.slf4j.impl.StaticLoggerBinder".
SLF4J: Defaulting to no-operation (NOP) logger implementation
SLF4J: See http://www.slf4j.org/codes.html#StaticLoggerBinder for further details.
Jun 11, 2025 6:41:46 PM org.openqa.selenium.devtools.CdpVersionFinder findNearestMatch
WARNING: Unable to find an exact match for CDP version 137, returning the closest version; found: 136; Please update to a Selenium version that supports CDP version 137
]]></system-err>
  </testcase>
  <testcase name="vehicleSalesTest" classname="com.idrx.qa.testcases.RetailPageTest" time="0.583">
    <system-out><![CDATA[finalValueCr: 2.31 Cr
--------Vehicle Sales--------
Expected Value: ₹ 2.31 Cr
Actual Value: ₹ 2.31 Cr
18:42:52 INFO  [main] com.idrx.qa.util.TestUtil - Asserting values. Expected: [₹ 2.31 Cr], Actual: [₹ 2.31 Cr]
18:42:52 INFO  [main] com.idrx.qa.util.TestUtil - Assertion passed: Vehicle Sales
]]></system-out>
  </testcase>
  <testcase name="vehicleBookedYesterdayTest" classname="com.idrx.qa.testcases.RetailPageTest" time="0.707">
    <failure message="Vehicle Booked Yesterday expected [12] but found [13]" type="java.lang.AssertionError"><![CDATA[java.lang.AssertionError: Vehicle Booked Yesterday expected [12] but found [13]
	at org.testng.Assert.fail(Assert.java:111)
	at org.testng.Assert.failNotEquals(Assert.java:1578)
	at org.testng.Assert.assertEqualsImpl(Assert.java:150)
	at org.testng.Assert.assertEquals(Assert.java:132)
	at com.idrx.qa.util.TestUtil.assertEquals(TestUtil.java:89)
	at com.idrx.qa.testcases.RetailPageTest.vehicleBookedYesterdayTest(RetailPageTest.java:71)
	at java.base/jdk.internal.reflect.DirectMethodHandleAccessor.invoke(DirectMethodHandleAccessor.java:103)
	at java.base/java.lang.reflect.Method.invoke(Method.java:580)
	at org.testng.internal.invokers.MethodInvocationHelper.invokeMethod(MethodInvocationHelper.java:139)
	at org.testng.internal.invokers.TestInvoker.invokeMethod(TestInvoker.java:664)
	at org.testng.internal.invokers.TestInvoker.invokeTestMethod(TestInvoker.java:227)
	at org.testng.internal.invokers.MethodRunner.runInSequence(MethodRunner.java:50)
	at org.testng.internal.invokers.TestInvoker$MethodInvocationAgent.invoke(TestInvoker.java:957)
	at org.testng.internal.invokers.TestInvoker.invokeTestMethods(TestInvoker.java:200)
	at org.testng.internal.invokers.TestMethodWorker.invokeTestMethods(TestMethodWorker.java:148)
	at org.testng.internal.invokers.TestMethodWorker.run(TestMethodWorker.java:128)
	at java.base/java.util.ArrayList.forEach(ArrayList.java:1596)
	at org.testng.TestRunner.privateRun(TestRunner.java:848)
	at org.testng.TestRunner.run(TestRunner.java:621)
	at org.testng.SuiteRunner.runTest(SuiteRunner.java:443)
	at org.testng.SuiteRunner.runSequentially(SuiteRunner.java:437)
	at org.testng.SuiteRunner.privateRun(SuiteRunner.java:397)
	at org.testng.SuiteRunner.run(SuiteRunner.java:336)
	at org.testng.SuiteRunnerWorker.runSuite(SuiteRunnerWorker.java:52)
	at org.testng.SuiteRunnerWorker.run(SuiteRunnerWorker.java:95)
	at org.testng.TestNG.runSuitesSequentially(TestNG.java:1280)
	at org.testng.TestNG.runSuitesLocally(TestNG.java:1200)
	at org.testng.TestNG.runSuites(TestNG.java:1114)
	at org.testng.TestNG.run(TestNG.java:1082)
	at org.apache.maven.surefire.testng.TestNGExecutor.run(TestNGExecutor.java:155)
	at org.apache.maven.surefire.testng.TestNGDirectoryTestSuite.executeSingleClass(TestNGDirectoryTestSuite.java:102)
	at org.apache.maven.surefire.testng.TestNGDirectoryTestSuite.execute(TestNGDirectoryTestSuite.java:91)
	at org.apache.maven.surefire.testng.TestNGProvider.invoke(TestNGProvider.java:137)
	at org.apache.maven.surefire.booter.ForkedBooter.runSuitesInProcess(ForkedBooter.java:385)
	at org.apache.maven.surefire.booter.ForkedBooter.execute(ForkedBooter.java:162)
	at org.apache.maven.surefire.booter.ForkedBooter.run(ForkedBooter.java:507)
	at org.apache.maven.surefire.booter.ForkedBooter.main(ForkedBooter.java:495)
]]></failure>
    <system-out><![CDATA[--------Vehicle Booked Yesterday--------
18:42:52 INFO  [main] com.idrx.qa.util.TestUtil - Asserting values. Expected: [12], Actual: [13]
]]></system-out>
  </testcase>
  <testcase name="vehicleInvoicedYesterdayTest" classname="com.idrx.qa.testcases.RetailPageTest" time="0.852">
    <system-out><![CDATA[--------Vehicle Invoiced Yesterday--------
18:42:53 INFO  [main] com.idrx.qa.util.TestUtil - Asserting values. Expected: [1], Actual: [1]
18:42:53 INFO  [main] com.idrx.qa.util.TestUtil - Assertion passed: vehicle Invoiced Yesterday
]]></system-out>
  </testcase>
  <testcase name="vehicleInvoicedThisMonthTest" classname="com.idrx.qa.testcases.RetailPageTest" time="1.081">
    <system-out><![CDATA[--------Vehicle Invoiced this month--------
18:42:54 INFO  [main] com.idrx.qa.util.TestUtil - Asserting values. Expected: [17], Actual: [17]
18:42:54 INFO  [main] com.idrx.qa.util.TestUtil - Assertion passed: vehicle Invoiced this month
]]></system-out>
  </testcase>
  <testcase name="vehicleInvoicedButNotDeliveredTest" classname="com.idrx.qa.testcases.RetailPageTest" time="0.717">
    <failure message="Vehicle Invoiced but not delivered expected [0] but found [53]" type="java.lang.AssertionError"><![CDATA[java.lang.AssertionError: Vehicle Invoiced but not delivered expected [0] but found [53]
	at org.testng.Assert.fail(Assert.java:111)
	at org.testng.Assert.failNotEquals(Assert.java:1578)
	at org.testng.Assert.assertEqualsImpl(Assert.java:150)
	at org.testng.Assert.assertEquals(Assert.java:132)
	at com.idrx.qa.util.TestUtil.assertEquals(TestUtil.java:89)
	at com.idrx.qa.testcases.RetailPageTest.vehicleInvoicedButNotDeliveredTest(RetailPageTest.java:107)
	at java.base/jdk.internal.reflect.DirectMethodHandleAccessor.invoke(DirectMethodHandleAccessor.java:103)
	at java.base/java.lang.reflect.Method.invoke(Method.java:580)
	at org.testng.internal.invokers.MethodInvocationHelper.invokeMethod(MethodInvocationHelper.java:139)
	at org.testng.internal.invokers.TestInvoker.invokeMethod(TestInvoker.java:664)
	at org.testng.internal.invokers.TestInvoker.invokeTestMethod(TestInvoker.java:227)
	at org.testng.internal.invokers.MethodRunner.runInSequence(MethodRunner.java:50)
	at org.testng.internal.invokers.TestInvoker$MethodInvocationAgent.invoke(TestInvoker.java:957)
	at org.testng.internal.invokers.TestInvoker.invokeTestMethods(TestInvoker.java:200)
	at org.testng.internal.invokers.TestMethodWorker.invokeTestMethods(TestMethodWorker.java:148)
	at org.testng.internal.invokers.TestMethodWorker.run(TestMethodWorker.java:128)
	at java.base/java.util.ArrayList.forEach(ArrayList.java:1596)
	at org.testng.TestRunner.privateRun(TestRunner.java:848)
	at org.testng.TestRunner.run(TestRunner.java:621)
	at org.testng.SuiteRunner.runTest(SuiteRunner.java:443)
	at org.testng.SuiteRunner.runSequentially(SuiteRunner.java:437)
	at org.testng.SuiteRunner.privateRun(SuiteRunner.java:397)
	at org.testng.SuiteRunner.run(SuiteRunner.java:336)
	at org.testng.SuiteRunnerWorker.runSuite(SuiteRunnerWorker.java:52)
	at org.testng.SuiteRunnerWorker.run(SuiteRunnerWorker.java:95)
	at org.testng.TestNG.runSuitesSequentially(TestNG.java:1280)
	at org.testng.TestNG.runSuitesLocally(TestNG.java:1200)
	at org.testng.TestNG.runSuites(TestNG.java:1114)
	at org.testng.TestNG.run(TestNG.java:1082)
	at org.apache.maven.surefire.testng.TestNGExecutor.run(TestNGExecutor.java:155)
	at org.apache.maven.surefire.testng.TestNGDirectoryTestSuite.executeSingleClass(TestNGDirectoryTestSuite.java:102)
	at org.apache.maven.surefire.testng.TestNGDirectoryTestSuite.execute(TestNGDirectoryTestSuite.java:91)
	at org.apache.maven.surefire.testng.TestNGProvider.invoke(TestNGProvider.java:137)
	at org.apache.maven.surefire.booter.ForkedBooter.runSuitesInProcess(ForkedBooter.java:385)
	at org.apache.maven.surefire.booter.ForkedBooter.execute(ForkedBooter.java:162)
	at org.apache.maven.surefire.booter.ForkedBooter.run(ForkedBooter.java:507)
	at org.apache.maven.surefire.booter.ForkedBooter.main(ForkedBooter.java:495)
]]></failure>
    <system-out><![CDATA[--------Vehicle Invoiced but not delivered--------
18:42:55 INFO  [main] com.idrx.qa.util.TestUtil - Asserting values. Expected: [0], Actual: [53]
]]></system-out>
  </testcase>
  <testcase name="currentMonthTest" classname="com.idrx.qa.testcases.RetailPageTest" time="0.449">
    <system-out><![CDATA[--------Qty Trend - Current Month--------
18:42:55 INFO  [main] com.idrx.qa.util.TestUtil - Asserting values. Expected: [17], Actual: [17]
18:42:55 INFO  [main] com.idrx.qa.util.TestUtil - Assertion passed: Qty Trend - Current Month
]]></system-out>
  </testcase>
  <testcase name="marchMonthSalesTrendTest" classname="com.idrx.qa.testcases.RetailPageTest" time="0.518">
    <system-out><![CDATA[--------Qty Trend - Last Month--------
18:42:56 INFO  [main] com.idrx.qa.util.TestUtil - Asserting values. Expected: [162], Actual: [162]
18:42:56 INFO  [main] com.idrx.qa.util.TestUtil - Assertion passed: Qty Trend - Last Month
]]></system-out>
  </testcase>
</testsuite>