<?xml version="1.0" encoding="UTF-8"?>
<testsuite xmlns:xsi="http://www.w3.org/2001/XMLSchema-instance" xsi:noNamespaceSchemaLocation="https://maven.apache.org/surefire/maven-surefire-plugin/xsd/surefire-test-report.xsd" version="3.0.1" name="com.idrx.qa.testcases.LoginPageTest" time="23.934" tests="8" errors="0" skipped="0" failures="3">
  <properties>
[...]
</properties>
  <testcase name="vehicleSoldTest" classname="com.idrx.qa.testcases.LoginPageTest" time="2.802">
    <system-out><![CDATA[16:49:31 INFO  [main] com.idrx.qa.util.TestUtil - 🌐 Launching URL: https://sks.clarix.in/home
16:49:33 INFO  [main] com.idrx.qa.util.TestUtil - ✅ URL launched successfully
16:49:33 INFO  [main] com.idrx.qa.util.TestUtil - Entering Value in Username Field → 'user'
16:49:33 INFO  [main] com.idrx.qa.util.TestUtil - ✅ Entered Value successfully in: Username Field
16:49:33 INFO  [main] com.idrx.qa.util.TestUtil - Entering Value in Password Field → 'user'
16:49:33 INFO  [main] com.idrx.qa.util.TestUtil - ✅ Entered Value successfully in: Password Field
16:49:33 INFO  [main] com.idrx.qa.util.TestUtil - Clicking on: Submit Button
16:49:33 INFO  [main] com.idrx.qa.util.TestUtil - ✅ Clicked successfully on: Submit Button
--------Vehicle Sold--------
16:49:50 INFO  [main] com.idrx.qa.util.TestUtil - Asserting values. Expected: [2], Actual: [2]
16:49:50 INFO  [main] com.idrx.qa.util.TestUtil - Assertion passed: Vehicle Sold
]]></system-out>
    <system-err><![CDATA[SLF4J(W): No SLF4J providers were found.
SLF4J(W): Defaulting to no-operation (NOP) logger implementation
SLF4J(W): See https://www.slf4j.org/codes.html#noProviders for further details.
]]></system-err>
  </testcase>
  <testcase name="vehicleSalesTest" classname="com.idrx.qa.testcases.LoginPageTest" time="0.274">
    <system-out><![CDATA[finalValueL: 20.34 L
--------Vehicle Sales--------
16:49:50 INFO  [main] com.idrx.qa.util.TestUtil - Asserting values. Expected: [₹ 20.34 L], Actual: [₹ 20.34 L]
16:49:50 INFO  [main] com.idrx.qa.util.TestUtil - Assertion passed: Vehicle Sales
]]></system-out>
  </testcase>
  <testcase name="vehicleBookedYesterdayTest" classname="com.idrx.qa.testcases.LoginPageTest" time="0.325">
    <failure message="Vehicle Booked Yesterday expected [5] but found [0]" type="java.lang.AssertionError"><![CDATA[java.lang.AssertionError: Vehicle Booked Yesterday expected [5] but found [0]
	at org.testng.Assert.fail(Assert.java:111)
	at org.testng.Assert.failNotEquals(Assert.java:1590)
	at org.testng.Assert.assertEqualsImpl(Assert.java:150)
	at org.testng.Assert.assertEquals(Assert.java:132)
	at com.idrx.qa.util.TestUtil.assertEquals(TestUtil.java:85)
	at com.idrx.qa.testcases.LoginPageTest.vehicleBookedYesterdayTest(LoginPageTest.java:69)
	at java.base/jdk.internal.reflect.DirectMethodHandleAccessor.invoke(DirectMethodHandleAccessor.java:103)
	at java.base/java.lang.reflect.Method.invoke(Method.java:580)
	at org.testng.internal.invokers.MethodInvocationHelper.invokeMethod(MethodInvocationHelper.java:141)
	at org.testng.internal.invokers.TestInvoker.invokeMethod(TestInvoker.java:687)
	at org.testng.internal.invokers.TestInvoker.invokeTestMethod(TestInvoker.java:230)
	at org.testng.internal.invokers.MethodRunner.runInSequence(MethodRunner.java:63)
	at org.testng.internal.invokers.TestInvoker$MethodInvocationAgent.invoke(TestInvoker.java:995)
	at org.testng.internal.invokers.TestInvoker.invokeTestMethods(TestInvoker.java:203)
	at org.testng.internal.invokers.TestMethodWorker.invokeTestMethods(TestMethodWorker.java:154)
	at org.testng.internal.invokers.TestMethodWorker.run(TestMethodWorker.java:134)
	at java.base/java.util.ArrayList.forEach(ArrayList.java:1596)
	at org.testng.TestRunner.privateRun(TestRunner.java:741)
	at org.testng.TestRunner.run(TestRunner.java:616)
	at org.testng.SuiteRunner.runTest(SuiteRunner.java:421)
	at org.testng.SuiteRunner.runSequentially(SuiteRunner.java:413)
	at org.testng.SuiteRunner.privateRun(SuiteRunner.java:373)
	at org.testng.SuiteRunner.run(SuiteRunner.java:312)
	at org.testng.SuiteRunnerWorker.runSuite(SuiteRunnerWorker.java:52)
	at org.testng.SuiteRunnerWorker.run(SuiteRunnerWorker.java:95)
	at org.testng.TestNG.runSuitesSequentially(TestNG.java:1274)
	at org.testng.TestNG.runSuitesLocally(TestNG.java:1208)
	at org.testng.TestNG.runSuites(TestNG.java:1112)
	at org.testng.TestNG.run(TestNG.java:1079)
	at org.apache.maven.surefire.testng.TestNGExecutor.run(TestNGExecutor.java:155)
	at org.apache.maven.surefire.testng.TestNGDirectoryTestSuite.executeSingleClass(TestNGDirectoryTestSuite.java:102)
	at org.apache.maven.surefire.testng.TestNGDirectoryTestSuite.execute(TestNGDirectoryTestSuite.java:91)
	at org.apache.maven.surefire.testng.TestNGProvider.invoke(TestNGProvider.java:137)
	at org.apache.maven.surefire.booter.ForkedBooter.runSuitesInProcess(ForkedBooter.java:385)
	at org.apache.maven.surefire.booter.ForkedBooter.execute(ForkedBooter.java:162)
	at org.apache.maven.surefire.booter.ForkedBooter.run(ForkedBooter.java:507)
	at org.apache.maven.surefire.booter.ForkedBooter.main(ForkedBooter.java:495)
]]></failure>
    <system-out><![CDATA[--------Vehicle Booked Yesterday--------
16:49:50 INFO  [main] com.idrx.qa.util.TestUtil - Asserting values. Expected: [5], Actual: [0]
]]></system-out>
  </testcase>
  <testcase name="vehicleInvoicedYesterdayTest" classname="com.idrx.qa.testcases.LoginPageTest" time="0.313">
    <system-out><![CDATA[--------Vehicle Invoiced Yesterday--------
16:49:51 INFO  [main] com.idrx.qa.util.TestUtil - Asserting values. Expected: [0], Actual: [0]
16:49:51 INFO  [main] com.idrx.qa.util.TestUtil - Assertion passed: vehicle Invoiced Yesterday
]]></system-out>
  </testcase>
  <testcase name="vehicleInvoicedThisMonthTest" classname="com.idrx.qa.testcases.LoginPageTest" time="0.361">
    <failure message="vehicle Invoiced this month expected [8] but found [2]" type="java.lang.AssertionError"><![CDATA[java.lang.AssertionError: vehicle Invoiced this month expected [8] but found [2]
	at org.testng.Assert.fail(Assert.java:111)
	at org.testng.Assert.failNotEquals(Assert.java:1590)
	at org.testng.Assert.assertEqualsImpl(Assert.java:150)
	at org.testng.Assert.assertEquals(Assert.java:132)
	at com.idrx.qa.util.TestUtil.assertEquals(TestUtil.java:85)
	at com.idrx.qa.testcases.LoginPageTest.vehicleInvoicedThisMonthTest(LoginPageTest.java:91)
	at java.base/jdk.internal.reflect.DirectMethodHandleAccessor.invoke(DirectMethodHandleAccessor.java:103)
	at java.base/java.lang.reflect.Method.invoke(Method.java:580)
	at org.testng.internal.invokers.MethodInvocationHelper.invokeMethod(MethodInvocationHelper.java:141)
	at org.testng.internal.invokers.TestInvoker.invokeMethod(TestInvoker.java:687)
	at org.testng.internal.invokers.TestInvoker.invokeTestMethod(TestInvoker.java:230)
	at org.testng.internal.invokers.MethodRunner.runInSequence(MethodRunner.java:63)
	at org.testng.internal.invokers.TestInvoker$MethodInvocationAgent.invoke(TestInvoker.java:995)
	at org.testng.internal.invokers.TestInvoker.invokeTestMethods(TestInvoker.java:203)
	at org.testng.internal.invokers.TestMethodWorker.invokeTestMethods(TestMethodWorker.java:154)
	at org.testng.internal.invokers.TestMethodWorker.run(TestMethodWorker.java:134)
	at java.base/java.util.ArrayList.forEach(ArrayList.java:1596)
	at org.testng.TestRunner.privateRun(TestRunner.java:741)
	at org.testng.TestRunner.run(TestRunner.java:616)
	at org.testng.SuiteRunner.runTest(SuiteRunner.java:421)
	at org.testng.SuiteRunner.runSequentially(SuiteRunner.java:413)
	at org.testng.SuiteRunner.privateRun(SuiteRunner.java:373)
	at org.testng.SuiteRunner.run(SuiteRunner.java:312)
	at org.testng.SuiteRunnerWorker.runSuite(SuiteRunnerWorker.java:52)
	at org.testng.SuiteRunnerWorker.run(SuiteRunnerWorker.java:95)
	at org.testng.TestNG.runSuitesSequentially(TestNG.java:1274)
	at org.testng.TestNG.runSuitesLocally(TestNG.java:1208)
	at org.testng.TestNG.runSuites(TestNG.java:1112)
	at org.testng.TestNG.run(TestNG.java:1079)
	at org.apache.maven.surefire.testng.TestNGExecutor.run(TestNGExecutor.java:155)
	at org.apache.maven.surefire.testng.TestNGDirectoryTestSuite.executeSingleClass(TestNGDirectoryTestSuite.java:102)
	at org.apache.maven.surefire.testng.TestNGDirectoryTestSuite.execute(TestNGDirectoryTestSuite.java:91)
	at org.apache.maven.surefire.testng.TestNGProvider.invoke(TestNGProvider.java:137)
	at org.apache.maven.surefire.booter.ForkedBooter.runSuitesInProcess(ForkedBooter.java:385)
	at org.apache.maven.surefire.booter.ForkedBooter.execute(ForkedBooter.java:162)
	at org.apache.maven.surefire.booter.ForkedBooter.run(ForkedBooter.java:507)
	at org.apache.maven.surefire.booter.ForkedBooter.main(ForkedBooter.java:495)
]]></failure>
    <system-out><![CDATA[--------Vehicle Invoiced this month--------
16:49:51 INFO  [main] com.idrx.qa.util.TestUtil - Asserting values. Expected: [8], Actual: [2]
]]></system-out>
  </testcase>
  <testcase name="vehicleInvoicedButNotDeliveredTest" classname="com.idrx.qa.testcases.LoginPageTest" time="0.281">
    <failure message="Vehicle Invoiced but not delivered expected [51] but found [69]" type="java.lang.AssertionError"><![CDATA[java.lang.AssertionError: Vehicle Invoiced but not delivered expected [51] but found [69]
	at org.testng.Assert.fail(Assert.java:111)
	at org.testng.Assert.failNotEquals(Assert.java:1590)
	at org.testng.Assert.assertEqualsImpl(Assert.java:150)
	at org.testng.Assert.assertEquals(Assert.java:132)
	at com.idrx.qa.util.TestUtil.assertEquals(TestUtil.java:85)
	at com.idrx.qa.testcases.LoginPageTest.vehicleInvoicedButNotDeliveredTest(LoginPageTest.java:102)
	at java.base/jdk.internal.reflect.DirectMethodHandleAccessor.invoke(DirectMethodHandleAccessor.java:103)
	at java.base/java.lang.reflect.Method.invoke(Method.java:580)
	at org.testng.internal.invokers.MethodInvocationHelper.invokeMethod(MethodInvocationHelper.java:141)
	at org.testng.internal.invokers.TestInvoker.invokeMethod(TestInvoker.java:687)
	at org.testng.internal.invokers.TestInvoker.invokeTestMethod(TestInvoker.java:230)
	at org.testng.internal.invokers.MethodRunner.runInSequence(MethodRunner.java:63)
	at org.testng.internal.invokers.TestInvoker$MethodInvocationAgent.invoke(TestInvoker.java:995)
	at org.testng.internal.invokers.TestInvoker.invokeTestMethods(TestInvoker.java:203)
	at org.testng.internal.invokers.TestMethodWorker.invokeTestMethods(TestMethodWorker.java:154)
	at org.testng.internal.invokers.TestMethodWorker.run(TestMethodWorker.java:134)
	at java.base/java.util.ArrayList.forEach(ArrayList.java:1596)
	at org.testng.TestRunner.privateRun(TestRunner.java:741)
	at org.testng.TestRunner.run(TestRunner.java:616)
	at org.testng.SuiteRunner.runTest(SuiteRunner.java:421)
	at org.testng.SuiteRunner.runSequentially(SuiteRunner.java:413)
	at org.testng.SuiteRunner.privateRun(SuiteRunner.java:373)
	at org.testng.SuiteRunner.run(SuiteRunner.java:312)
	at org.testng.SuiteRunnerWorker.runSuite(SuiteRunnerWorker.java:52)
	at org.testng.SuiteRunnerWorker.run(SuiteRunnerWorker.java:95)
	at org.testng.TestNG.runSuitesSequentially(TestNG.java:1274)
	at org.testng.TestNG.runSuitesLocally(TestNG.java:1208)
	at org.testng.TestNG.runSuites(TestNG.java:1112)
	at org.testng.TestNG.run(TestNG.java:1079)
	at org.apache.maven.surefire.testng.TestNGExecutor.run(TestNGExecutor.java:155)
	at org.apache.maven.surefire.testng.TestNGDirectoryTestSuite.executeSingleClass(TestNGDirectoryTestSuite.java:102)
	at org.apache.maven.surefire.testng.TestNGDirectoryTestSuite.execute(TestNGDirectoryTestSuite.java:91)
	at org.apache.maven.surefire.testng.TestNGProvider.invoke(TestNGProvider.java:137)
	at org.apache.maven.surefire.booter.ForkedBooter.runSuitesInProcess(ForkedBooter.java:385)
	at org.apache.maven.surefire.booter.ForkedBooter.execute(ForkedBooter.java:162)
	at org.apache.maven.surefire.booter.ForkedBooter.run(ForkedBooter.java:507)
	at org.apache.maven.surefire.booter.ForkedBooter.main(ForkedBooter.java:495)
]]></failure>
    <system-out><![CDATA[--------Vehicle Invoiced but not delivered--------
16:49:51 INFO  [main] com.idrx.qa.util.TestUtil - Asserting values. Expected: [51], Actual: [69]
]]></system-out>
  </testcase>
  <testcase name="currentMonthTest" classname="com.idrx.qa.testcases.LoginPageTest" time="0.317">
    <system-out><![CDATA[--------Qty Trend - Apr'2025--------
16:49:51 INFO  [main] com.idrx.qa.util.TestUtil - Asserting values. Expected: [2], Actual: [2]
16:49:51 INFO  [main] com.idrx.qa.util.TestUtil - Assertion passed: Qty Trend - Apr'2025
]]></system-out>
  </testcase>
  <testcase name="marchMonthSalesTrendTest" classname="com.idrx.qa.testcases.LoginPageTest" time="0.322">
    <system-out><![CDATA[--------Qty Trend - Mar'2025--------
16:49:52 INFO  [main] com.idrx.qa.util.TestUtil - Asserting values. Expected: [164], Actual: [164]
16:49:52 INFO  [main] com.idrx.qa.util.TestUtil - Assertion passed: Qty Trend - Mar'2025
]]></system-out>
  </testcase>
</testsuite>