<?xml version="1.0" encoding="UTF-8"?>
<testsuite xmlns:xsi="http://www.w3.org/2001/XMLSchema-instance" xsi:noNamespaceSchemaLocation="https://maven.apache.org/surefire/maven-surefire-plugin/xsd/surefire-test-report.xsd" version="3.0.1" name="com.idrx.qa.testcases.DeliveryPageTest" time="23.675" tests="6" errors="0" skipped="0" failures="0">
  <properties>
[...]
</properties>
  <testcase name="deliveryYesterdayTest" classname="com.idrx.qa.testcases.DeliveryPageTest" time="1.309">
    <system-out><![CDATA[14:26:01 INFO  [main] com.idrx.qa.util.TestUtil - 🌐 Launching URL: https://sks.clarix.in/home
14:26:02 INFO  [main] com.idrx.qa.util.TestUtil - ✅ URL launched successfully
14:26:02 INFO  [main] com.idrx.qa.util.TestUtil - Entering Value in Username Field → 'admin'
14:26:02 INFO  [main] com.idrx.qa.util.TestUtil - ✅ Entered Value successfully in: Username Field
14:26:02 INFO  [main] com.idrx.qa.util.TestUtil - Entering Value in Password Field → 'admin'
14:26:02 INFO  [main] com.idrx.qa.util.TestUtil - ✅ Entered Value successfully in: Password Field
14:26:02 INFO  [main] com.idrx.qa.util.TestUtil - Clicking on: Submit Button
14:26:02 INFO  [main] com.idrx.qa.util.TestUtil - ✅ Clicked successfully on: Submit Button
--------Delivery/No of Deliveries Yesterday--------
14:26:20 INFO  [main] com.idrx.qa.util.TestUtil - Asserting values. Expected: [20], Actual: [20]
14:26:20 INFO  [main] com.idrx.qa.util.TestUtil - Assertion passed: No of Deliveries Yesterday
]]></system-out>
    <system-err><![CDATA[SLF4J(W): No SLF4J providers were found.
SLF4J(W): Defaulting to no-operation (NOP) logger implementation
SLF4J(W): See https://www.slf4j.org/codes.html#noProviders for further details.
Jun 12, 2025 2:26:01 PM org.openqa.selenium.devtools.CdpVersionFinder findNearestMatch
WARNING: Unable to find an exact match for CDP version 137, returning the closest version; found: 136; Please update to a Selenium version that supports CDP version 137
]]></system-err>
  </testcase>
  <testcase name="deliveryThisMonthTest" classname="com.idrx.qa.testcases.DeliveryPageTest" time="0.282">
    <system-out><![CDATA[--------Delivery/No of Deliveries This Month--------
14:26:20 INFO  [main] com.idrx.qa.util.TestUtil - Asserting values. Expected: [120], Actual: [120]
14:26:20 INFO  [main] com.idrx.qa.util.TestUtil - Assertion passed: No of Deliveries This Month
]]></system-out>
  </testcase>
  <testcase name="deliveryPendingTest" classname="com.idrx.qa.testcases.DeliveryPageTest" time="0.402">
    <system-out><![CDATA[--------Delivery/Pending Deliveries--------
14:26:21 INFO  [main] com.idrx.qa.util.TestUtil - Asserting values. Expected: [34], Actual: [34]
14:26:21 INFO  [main] com.idrx.qa.util.TestUtil - Assertion passed: No of Pending Deliveries
]]></system-out>
  </testcase>
  <testcase name="deliveryPreviousMonthTest" classname="com.idrx.qa.testcases.DeliveryPageTest" time="0.286">
    <system-out><![CDATA[--------Delivery/Previous Month--------
14:26:21 INFO  [main] com.idrx.qa.util.TestUtil - Asserting values. Expected: [157], Actual: [157]
14:26:21 INFO  [main] com.idrx.qa.util.TestUtil - Assertion passed: No of Deliveries Previous Month
]]></system-out>
  </testcase>
  <testcase name="deliveryCurrentMonthTest" classname="com.idrx.qa.testcases.DeliveryPageTest" time="0.22">
    <system-out><![CDATA[--------Delivery/Current Month--------
14:26:21 INFO  [main] com.idrx.qa.util.TestUtil - Asserting values. Expected: [120], Actual: [120]
14:26:21 INFO  [main] com.idrx.qa.util.TestUtil - Assertion passed: No of Deliveries Current Month
]]></system-out>
  </testcase>
  <testcase name="deliverySalesmanWisePendingTest" classname="com.idrx.qa.testcases.DeliveryPageTest" time="0.278">
    <system-out><![CDATA[--------Delivery/Salesman Wise Pending Deliveries--------
14:26:21 INFO  [main] com.idrx.qa.util.TestUtil - Asserting values. Expected: [34], Actual: [34]
14:26:21 INFO  [main] com.idrx.qa.util.TestUtil - Assertion passed: No of Salesman Wise Pending Deliveries
]]></system-out>
  </testcase>
</testsuite>