<?xml version="1.0" encoding="UTF-8"?>
<testsuite xmlns:xsi="http://www.w3.org/2001/XMLSchema-instance" xsi:noNamespaceSchemaLocation="https://maven.apache.org/surefire/maven-surefire-plugin/xsd/surefire-test-report.xsd" version="3.0.1" name="TestSuite" time="136.927" tests="39" errors="0" skipped="0" failures="17">
  <properties>
[...]
</properties>
  <testcase name="vehicleSoldTest" classname="com.idrx.qa.testcases.RetailPageTest" time="2.755">
    <system-out><![CDATA[12:23:46 INFO  [main] com.idrx.qa.util.TestUtil - 🌐 Launching URL: https://sks.clarix.in/home
12:23:47 INFO  [main] com.idrx.qa.util.TestUtil - ✅ URL launched successfully
12:23:47 INFO  [main] com.idrx.qa.util.TestUtil - Entering Value in Username Field → 'admin'
12:23:47 INFO  [main] com.idrx.qa.util.TestUtil - ✅ Entered Value successfully in: Username Field
12:23:47 INFO  [main] com.idrx.qa.util.TestUtil - Entering Value in Password Field → 'admin'
12:23:47 INFO  [main] com.idrx.qa.util.TestUtil - ✅ Entered Value successfully in: Password Field
12:23:47 INFO  [main] com.idrx.qa.util.TestUtil - Clicking on: Submit Button
12:23:47 INFO  [main] com.idrx.qa.util.TestUtil - ✅ Clicked successfully on: Submit Button
--------Vehicle Sold--------
12:24:03 INFO  [main] com.idrx.qa.util.TestUtil - Asserting values. Expected: [35], Actual: [35]
12:24:03 INFO  [main] com.idrx.qa.util.TestUtil - Assertion passed: Vehicle Sold
]]></system-out>
    <system-err><![CDATA[SLF4J(W): No SLF4J providers were found.
SLF4J(W): Defaulting to no-operation (NOP) logger implementation
SLF4J(W): See https://www.slf4j.org/codes.html#noProviders for further details.
Jun 17, 2025 12:23:46 PM org.openqa.selenium.devtools.CdpVersionFinder findNearestMatch
WARNING: Unable to find an exact match for CDP version 137, returning the closest version; found: 136; Please update to a Selenium version that supports CDP version 137
]]></system-err>
  </testcase>
  <testcase name="vehicleSalesTest" classname="com.idrx.qa.testcases.RetailPageTest" time="0.358">
    <system-out><![CDATA[finalValueCr: 4.79 Cr
--------Vehicle Sales--------
Expected Value: ₹ 4.79 Cr
Actual Value: ₹ 4.79 Cr
12:24:03 INFO  [main] com.idrx.qa.util.TestUtil - Asserting values. Expected: [₹ 4.79 Cr], Actual: [₹ 4.79 Cr]
12:24:03 INFO  [main] com.idrx.qa.util.TestUtil - Assertion passed: Vehicle Sales
]]></system-out>
  </testcase>
  <testcase name="vehicleBookedYesterdayTest" classname="com.idrx.qa.testcases.RetailPageTest" time="0.316">
    <system-out><![CDATA[--------Vehicle Booked Yesterday--------
12:24:03 INFO  [main] com.idrx.qa.util.TestUtil - Asserting values. Expected: [6], Actual: [6]
12:24:03 INFO  [main] com.idrx.qa.util.TestUtil - Assertion passed: Vehicle Booked Yesterday
]]></system-out>
  </testcase>
  <testcase name="vehicleInvoicedYesterdayTest" classname="com.idrx.qa.testcases.RetailPageTest" time="0.335">
    <system-out><![CDATA[--------Vehicle Invoiced Yesterday--------
12:24:04 INFO  [main] com.idrx.qa.util.TestUtil - Asserting values. Expected: [5], Actual: [5]
12:24:04 INFO  [main] com.idrx.qa.util.TestUtil - Assertion passed: vehicle Invoiced Yesterday
]]></system-out>
  </testcase>
  <testcase name="vehicleInvoicedThisMonthTest" classname="com.idrx.qa.testcases.RetailPageTest" time="0.315">
    <system-out><![CDATA[--------Vehicle Invoiced this month--------
12:24:04 INFO  [main] com.idrx.qa.util.TestUtil - Asserting values. Expected: [35], Actual: [35]
12:24:04 INFO  [main] com.idrx.qa.util.TestUtil - Assertion passed: vehicle Invoiced this month
]]></system-out>
  </testcase>
  <testcase name="vehicleInvoicedButNotDeliveredTest" classname="com.idrx.qa.testcases.RetailPageTest" time="0.341">
    <system-out><![CDATA[--------Vehicle Invoiced but not delivered--------
12:24:04 INFO  [main] com.idrx.qa.util.TestUtil - Asserting values. Expected: [29], Actual: [29]
12:24:04 INFO  [main] com.idrx.qa.util.TestUtil - Assertion passed: Vehicle Invoiced but not delivered
]]></system-out>
  </testcase>
  <testcase name="currentMonthTest" classname="com.idrx.qa.testcases.RetailPageTest" time="0.329">
    <system-out><![CDATA[--------Qty Trend - Apr'2025--------
12:24:05 INFO  [main] com.idrx.qa.util.TestUtil - Asserting values. Expected: [35], Actual: [35]
12:24:05 INFO  [main] com.idrx.qa.util.TestUtil - Assertion passed: Qty Trend - Apr'2025
]]></system-out>
  </testcase>
  <testcase name="lastMonthSalesTrendTest" classname="com.idrx.qa.testcases.RetailPageTest" time="0.309">
    <system-out><![CDATA[--------Qty Trend - Mar'2025--------
12:24:05 INFO  [main] com.idrx.qa.util.TestUtil - Asserting values. Expected: [162], Actual: [162]
12:24:05 INFO  [main] com.idrx.qa.util.TestUtil - Assertion passed: Qty Trend - Mar'2025
]]></system-out>
  </testcase>
  <testcase name="bookingYesterdayTest" classname="com.idrx.qa.testcases.BookingsPageTest" time="1.224">
    <system-out><![CDATA[12:24:06 INFO  [main] com.idrx.qa.util.TestUtil - 🌐 Launching URL: https://sks.clarix.in/home
12:24:07 INFO  [main] com.idrx.qa.util.TestUtil - ✅ URL launched successfully
12:24:07 INFO  [main] com.idrx.qa.util.TestUtil - Entering Value in Username Field → 'admin'
12:24:07 INFO  [main] com.idrx.qa.util.TestUtil - ✅ Entered Value successfully in: Username Field
12:24:07 INFO  [main] com.idrx.qa.util.TestUtil - Entering Value in Password Field → 'admin'
12:24:08 INFO  [main] com.idrx.qa.util.TestUtil - ✅ Entered Value successfully in: Password Field
12:24:08 INFO  [main] com.idrx.qa.util.TestUtil - Clicking on: Submit Button
12:24:08 INFO  [main] com.idrx.qa.util.TestUtil - ✅ Clicked successfully on: Submit Button
--------Bookings/No of Bookings Yesterday--------
12:24:25 INFO  [main] com.idrx.qa.util.TestUtil - Asserting values. Expected: [6], Actual: [6]
12:24:25 INFO  [main] com.idrx.qa.util.TestUtil - Assertion passed: No of  Bookings Yesterday
]]></system-out>
    <system-err><![CDATA[Jun 17, 2025 12:24:06 PM org.openqa.selenium.devtools.CdpVersionFinder findNearestMatch
WARNING: Unable to find an exact match for CDP version 137, returning the closest version; found: 136; Please update to a Selenium version that supports CDP version 137
]]></system-err>
  </testcase>
  <testcase name="bookingThisMonthTest" classname="com.idrx.qa.testcases.BookingsPageTest" time="0.344">
    <system-out><![CDATA[--------Bookings/No of Bookings This Month--------
12:24:25 INFO  [main] com.idrx.qa.util.TestUtil - Asserting values. Expected: [96], Actual: [96]
12:24:25 INFO  [main] com.idrx.qa.util.TestUtil - Assertion passed: No of  Bookings This Month
]]></system-out>
  </testcase>
  <testcase name="pendingBookingsTest" classname="com.idrx.qa.testcases.BookingsPageTest" time="0.377">
    <system-out><![CDATA[--------Bookings/Pending Bookings--------
12:24:26 INFO  [main] com.idrx.qa.util.TestUtil - Asserting values. Expected: [670], Actual: [670]
12:24:26 INFO  [main] com.idrx.qa.util.TestUtil - Assertion passed: No of  Pending Bookings
]]></system-out>
  </testcase>
  <testcase name="previousMonthTest" classname="com.idrx.qa.testcases.BookingsPageTest" time="0.416">
    <system-out><![CDATA[--------Bookings/Previous Month--------
12:24:26 INFO  [main] com.idrx.qa.util.TestUtil - Asserting values. Expected: [185], Actual: [185]
12:24:26 INFO  [main] com.idrx.qa.util.TestUtil - Assertion passed: No of  Previous Month
]]></system-out>
  </testcase>
  <testcase name="currentMonthTest" classname="com.idrx.qa.testcases.BookingsPageTest" time="0.345">
    <system-out><![CDATA[--------Bookings/Current Month--------
12:24:27 INFO  [main] com.idrx.qa.util.TestUtil - Asserting values. Expected: [96], Actual: [96]
12:24:27 INFO  [main] com.idrx.qa.util.TestUtil - Assertion passed: No of  Current Month
]]></system-out>
  </testcase>
  <testcase name="salesmanWisePendingBookingsTest" classname="com.idrx.qa.testcases.BookingsPageTest" time="0.378">
    <system-out><![CDATA[--------Bookings/Salesman Wise Pending Bookings--------
12:24:27 INFO  [main] com.idrx.qa.util.TestUtil - Asserting values. Expected: [670], Actual: [670]
12:24:27 INFO  [main] com.idrx.qa.util.TestUtil - Assertion passed: No of  Salesman Wise Pending Bookings
]]></system-out>
  </testcase>
  <testcase name="deliveryYesterdayTest" classname="com.idrx.qa.testcases.DeliveryPageTest" time="1.327">
    <system-out><![CDATA[12:24:28 INFO  [main] com.idrx.qa.util.TestUtil - 🌐 Launching URL: https://sks.clarix.in/home
12:24:29 INFO  [main] com.idrx.qa.util.TestUtil - ✅ URL launched successfully
12:24:29 INFO  [main] com.idrx.qa.util.TestUtil - Entering Value in Username Field → 'admin'
12:24:29 INFO  [main] com.idrx.qa.util.TestUtil - ✅ Entered Value successfully in: Username Field
12:24:29 INFO  [main] com.idrx.qa.util.TestUtil - Entering Value in Password Field → 'admin'
12:24:30 INFO  [main] com.idrx.qa.util.TestUtil - ✅ Entered Value successfully in: Password Field
12:24:30 INFO  [main] com.idrx.qa.util.TestUtil - Clicking on: Submit Button
12:24:30 INFO  [main] com.idrx.qa.util.TestUtil - ✅ Clicked successfully on: Submit Button
--------Delivery/No of Deliveries Yesterday--------
12:24:47 INFO  [main] com.idrx.qa.util.TestUtil - Asserting values. Expected: [1], Actual: [1]
12:24:47 INFO  [main] com.idrx.qa.util.TestUtil - Assertion passed: No of Deliveries Yesterday
]]></system-out>
    <system-err><![CDATA[Jun 17, 2025 12:24:28 PM org.openqa.selenium.devtools.CdpVersionFinder findNearestMatch
WARNING: Unable to find an exact match for CDP version 137, returning the closest version; found: 136; Please update to a Selenium version that supports CDP version 137
]]></system-err>
  </testcase>
  <testcase name="deliveryThisMonthTest" classname="com.idrx.qa.testcases.DeliveryPageTest" time="0.307">
    <system-out><![CDATA[--------Delivery/No of Deliveries This Month--------
12:24:47 INFO  [main] com.idrx.qa.util.TestUtil - Asserting values. Expected: [140], Actual: [140]
12:24:47 INFO  [main] com.idrx.qa.util.TestUtil - Assertion passed: No of Deliveries This Month
]]></system-out>
  </testcase>
  <testcase name="deliveryPendingTest" classname="com.idrx.qa.testcases.DeliveryPageTest" time="0.333">
    <system-out><![CDATA[--------Delivery/Pending Deliveries--------
12:24:47 INFO  [main] com.idrx.qa.util.TestUtil - Asserting values. Expected: [29], Actual: [29]
12:24:47 INFO  [main] com.idrx.qa.util.TestUtil - Assertion passed: No of Pending Deliveries
]]></system-out>
  </testcase>
  <testcase name="deliveryPreviousMonthTest" classname="com.idrx.qa.testcases.DeliveryPageTest" time="0.311">
    <system-out><![CDATA[--------Delivery/Previous Month--------
12:24:48 INFO  [main] com.idrx.qa.util.TestUtil - Asserting values. Expected: [157], Actual: [157]
12:24:48 INFO  [main] com.idrx.qa.util.TestUtil - Assertion passed: No of Deliveries Previous Month
]]></system-out>
  </testcase>
  <testcase name="deliveryCurrentMonthTest" classname="com.idrx.qa.testcases.DeliveryPageTest" time="0.335">
    <system-out><![CDATA[--------Delivery/Current Month--------
12:24:48 INFO  [main] com.idrx.qa.util.TestUtil - Asserting values. Expected: [140], Actual: [140]
12:24:48 INFO  [main] com.idrx.qa.util.TestUtil - Assertion passed: No of Deliveries Current Month
]]></system-out>
  </testcase>
  <testcase name="deliverySalesmanWisePendingTest" classname="com.idrx.qa.testcases.DeliveryPageTest" time="0.335">
    <system-out><![CDATA[--------Delivery/Salesman Wise Pending Deliveries--------
12:24:48 INFO  [main] com.idrx.qa.util.TestUtil - Asserting values. Expected: [29], Actual: [29]
12:24:48 INFO  [main] com.idrx.qa.util.TestUtil - Assertion passed: No of Salesman Wise Pending Deliveries
]]></system-out>
  </testcase>
  <testcase name="noOfDiscountUnitsTest" classname="com.idrx.qa.testcases.DiscountPageTest" time="1.16">
    <failure message="No. of Discount Units expected [35] but found [30]" type="java.lang.AssertionError"><![CDATA[java.lang.AssertionError: No. of Discount Units expected [35] but found [30]
	at org.testng.Assert.fail(Assert.java:111)
	at org.testng.Assert.failNotEquals(Assert.java:1590)
	at org.testng.Assert.assertEqualsImpl(Assert.java:150)
	at org.testng.Assert.assertEquals(Assert.java:132)
	at com.idrx.qa.util.TestUtil.assertEquals(TestUtil.java:90)
	at com.idrx.qa.testcases.DiscountPageTest.noOfDiscountUnitsTest(DiscountPageTest.java:52)
	at java.base/jdk.internal.reflect.DirectMethodHandleAccessor.invoke(DirectMethodHandleAccessor.java:103)
	at java.base/java.lang.reflect.Method.invoke(Method.java:580)
	at org.testng.internal.invokers.MethodInvocationHelper.invokeMethod(MethodInvocationHelper.java:141)
	at org.testng.internal.invokers.TestInvoker.invokeMethod(TestInvoker.java:687)
	at org.testng.internal.invokers.TestInvoker.invokeTestMethod(TestInvoker.java:230)
	at org.testng.internal.invokers.MethodRunner.runInSequence(MethodRunner.java:63)
	at org.testng.internal.invokers.TestInvoker$MethodInvocationAgent.invoke(TestInvoker.java:995)
	at org.testng.internal.invokers.TestInvoker.invokeTestMethods(TestInvoker.java:203)
	at org.testng.internal.invokers.TestMethodWorker.invokeTestMethods(TestMethodWorker.java:154)
	at org.testng.internal.invokers.TestMethodWorker.run(TestMethodWorker.java:134)
	at java.base/java.util.ArrayList.forEach(ArrayList.java:1596)
	at org.testng.TestRunner.privateRun(TestRunner.java:741)
	at org.testng.TestRunner.run(TestRunner.java:616)
	at org.testng.SuiteRunner.runTest(SuiteRunner.java:421)
	at org.testng.SuiteRunner.runSequentially(SuiteRunner.java:413)
	at org.testng.SuiteRunner.privateRun(SuiteRunner.java:373)
	at org.testng.SuiteRunner.run(SuiteRunner.java:312)
	at org.testng.SuiteRunnerWorker.runSuite(SuiteRunnerWorker.java:52)
	at org.testng.SuiteRunnerWorker.run(SuiteRunnerWorker.java:95)
	at org.testng.TestNG.runSuitesSequentially(TestNG.java:1274)
	at org.testng.TestNG.runSuitesLocally(TestNG.java:1208)
	at org.testng.TestNG.runSuites(TestNG.java:1112)
	at org.testng.TestNG.run(TestNG.java:1079)
	at org.apache.maven.surefire.testng.TestNGExecutor.run(TestNGExecutor.java:308)
	at org.apache.maven.surefire.testng.TestNGXmlTestSuite.execute(TestNGXmlTestSuite.java:71)
	at org.apache.maven.surefire.testng.TestNGProvider.invoke(TestNGProvider.java:113)
	at org.apache.maven.surefire.booter.ForkedBooter.runSuitesInProcess(ForkedBooter.java:385)
	at org.apache.maven.surefire.booter.ForkedBooter.execute(ForkedBooter.java:162)
	at org.apache.maven.surefire.booter.ForkedBooter.run(ForkedBooter.java:507)
	at org.apache.maven.surefire.booter.ForkedBooter.main(ForkedBooter.java:495)
]]></failure>
    <system-out><![CDATA[12:24:50 INFO  [main] com.idrx.qa.util.TestUtil - 🌐 Launching URL: https://sks.clarix.in/home
12:24:51 INFO  [main] com.idrx.qa.util.TestUtil - ✅ URL launched successfully
12:24:51 INFO  [main] com.idrx.qa.util.TestUtil - Entering Value in Username Field → 'admin'
12:24:51 INFO  [main] com.idrx.qa.util.TestUtil - ✅ Entered Value successfully in: Username Field
12:24:51 INFO  [main] com.idrx.qa.util.TestUtil - Entering Value in Password Field → 'admin'
12:24:51 INFO  [main] com.idrx.qa.util.TestUtil - ✅ Entered Value successfully in: Password Field
12:24:51 INFO  [main] com.idrx.qa.util.TestUtil - Clicking on: Submit Button
12:24:51 INFO  [main] com.idrx.qa.util.TestUtil - ✅ Clicked successfully on: Submit Button
--------No. of Discount Units--------
Expected Value: 35
Actual Value: 30
12:25:08 INFO  [main] com.idrx.qa.util.TestUtil - Asserting values. Expected: [35], Actual: [30]
]]></system-out>
    <system-err><![CDATA[Jun 17, 2025 12:24:50 PM org.openqa.selenium.devtools.CdpVersionFinder findNearestMatch
WARNING: Unable to find an exact match for CDP version 137, returning the closest version; found: 136; Please update to a Selenium version that supports CDP version 137
]]></system-err>
  </testcase>
  <testcase name="totalDiscountValueTest" classname="com.idrx.qa.testcases.DiscountPageTest" time="0.448">
    <failure message="Total Discount Value expected [₹ 4.79 Cr] but found [₹ 5.89 L]" type="java.lang.AssertionError"><![CDATA[java.lang.AssertionError: Total Discount Value expected [₹ 4.79 Cr] but found [₹ 5.89 L]
	at org.testng.Assert.fail(Assert.java:111)
	at org.testng.Assert.failNotEquals(Assert.java:1590)
	at org.testng.Assert.assertEqualsImpl(Assert.java:150)
	at org.testng.Assert.assertEquals(Assert.java:132)
	at com.idrx.qa.util.TestUtil.assertEquals(TestUtil.java:90)
	at com.idrx.qa.testcases.DiscountPageTest.totalDiscountValueTest(DiscountPageTest.java:63)
	at java.base/jdk.internal.reflect.DirectMethodHandleAccessor.invoke(DirectMethodHandleAccessor.java:103)
	at java.base/java.lang.reflect.Method.invoke(Method.java:580)
	at org.testng.internal.invokers.MethodInvocationHelper.invokeMethod(MethodInvocationHelper.java:141)
	at org.testng.internal.invokers.TestInvoker.invokeMethod(TestInvoker.java:687)
	at org.testng.internal.invokers.TestInvoker.invokeTestMethod(TestInvoker.java:230)
	at org.testng.internal.invokers.MethodRunner.runInSequence(MethodRunner.java:63)
	at org.testng.internal.invokers.TestInvoker$MethodInvocationAgent.invoke(TestInvoker.java:995)
	at org.testng.internal.invokers.TestInvoker.invokeTestMethods(TestInvoker.java:203)
	at org.testng.internal.invokers.TestMethodWorker.invokeTestMethods(TestMethodWorker.java:154)
	at org.testng.internal.invokers.TestMethodWorker.run(TestMethodWorker.java:134)
	at java.base/java.util.ArrayList.forEach(ArrayList.java:1596)
	at org.testng.TestRunner.privateRun(TestRunner.java:741)
	at org.testng.TestRunner.run(TestRunner.java:616)
	at org.testng.SuiteRunner.runTest(SuiteRunner.java:421)
	at org.testng.SuiteRunner.runSequentially(SuiteRunner.java:413)
	at org.testng.SuiteRunner.privateRun(SuiteRunner.java:373)
	at org.testng.SuiteRunner.run(SuiteRunner.java:312)
	at org.testng.SuiteRunnerWorker.runSuite(SuiteRunnerWorker.java:52)
	at org.testng.SuiteRunnerWorker.run(SuiteRunnerWorker.java:95)
	at org.testng.TestNG.runSuitesSequentially(TestNG.java:1274)
	at org.testng.TestNG.runSuitesLocally(TestNG.java:1208)
	at org.testng.TestNG.runSuites(TestNG.java:1112)
	at org.testng.TestNG.run(TestNG.java:1079)
	at org.apache.maven.surefire.testng.TestNGExecutor.run(TestNGExecutor.java:308)
	at org.apache.maven.surefire.testng.TestNGXmlTestSuite.execute(TestNGXmlTestSuite.java:71)
	at org.apache.maven.surefire.testng.TestNGProvider.invoke(TestNGProvider.java:113)
	at org.apache.maven.surefire.booter.ForkedBooter.runSuitesInProcess(ForkedBooter.java:385)
	at org.apache.maven.surefire.booter.ForkedBooter.execute(ForkedBooter.java:162)
	at org.apache.maven.surefire.booter.ForkedBooter.run(ForkedBooter.java:507)
	at org.apache.maven.surefire.booter.ForkedBooter.main(ForkedBooter.java:495)
]]></failure>
    <system-out><![CDATA[finalValueCr: 4.79 Cr
--------Total Discount Value--------
Expected Value: ₹ 4.79 Cr
Actual Value: ₹ 5.89 L
12:25:08 INFO  [main] com.idrx.qa.util.TestUtil - Asserting values. Expected: [₹ 4.79 Cr], Actual: [₹ 5.89 L]
]]></system-out>
  </testcase>
  <testcase name="totalDiscountQtyTest" classname="com.idrx.qa.testcases.DiscountPageTest" time="0.442">
    <failure message="Total Discount Qty expected [35] but found [30]" type="java.lang.AssertionError"><![CDATA[java.lang.AssertionError: Total Discount Qty expected [35] but found [30]
	at org.testng.Assert.fail(Assert.java:111)
	at org.testng.Assert.failNotEquals(Assert.java:1590)
	at org.testng.Assert.assertEqualsImpl(Assert.java:150)
	at org.testng.Assert.assertEquals(Assert.java:132)
	at com.idrx.qa.util.TestUtil.assertEquals(TestUtil.java:90)
	at com.idrx.qa.testcases.DiscountPageTest.totalDiscountQtyTest(DiscountPageTest.java:76)
	at java.base/jdk.internal.reflect.DirectMethodHandleAccessor.invoke(DirectMethodHandleAccessor.java:103)
	at java.base/java.lang.reflect.Method.invoke(Method.java:580)
	at org.testng.internal.invokers.MethodInvocationHelper.invokeMethod(MethodInvocationHelper.java:141)
	at org.testng.internal.invokers.TestInvoker.invokeMethod(TestInvoker.java:687)
	at org.testng.internal.invokers.TestInvoker.invokeTestMethod(TestInvoker.java:230)
	at org.testng.internal.invokers.MethodRunner.runInSequence(MethodRunner.java:63)
	at org.testng.internal.invokers.TestInvoker$MethodInvocationAgent.invoke(TestInvoker.java:995)
	at org.testng.internal.invokers.TestInvoker.invokeTestMethods(TestInvoker.java:203)
	at org.testng.internal.invokers.TestMethodWorker.invokeTestMethods(TestMethodWorker.java:154)
	at org.testng.internal.invokers.TestMethodWorker.run(TestMethodWorker.java:134)
	at java.base/java.util.ArrayList.forEach(ArrayList.java:1596)
	at org.testng.TestRunner.privateRun(TestRunner.java:741)
	at org.testng.TestRunner.run(TestRunner.java:616)
	at org.testng.SuiteRunner.runTest(SuiteRunner.java:421)
	at org.testng.SuiteRunner.runSequentially(SuiteRunner.java:413)
	at org.testng.SuiteRunner.privateRun(SuiteRunner.java:373)
	at org.testng.SuiteRunner.run(SuiteRunner.java:312)
	at org.testng.SuiteRunnerWorker.runSuite(SuiteRunnerWorker.java:52)
	at org.testng.SuiteRunnerWorker.run(SuiteRunnerWorker.java:95)
	at org.testng.TestNG.runSuitesSequentially(TestNG.java:1274)
	at org.testng.TestNG.runSuitesLocally(TestNG.java:1208)
	at org.testng.TestNG.runSuites(TestNG.java:1112)
	at org.testng.TestNG.run(TestNG.java:1079)
	at org.apache.maven.surefire.testng.TestNGExecutor.run(TestNGExecutor.java:308)
	at org.apache.maven.surefire.testng.TestNGXmlTestSuite.execute(TestNGXmlTestSuite.java:71)
	at org.apache.maven.surefire.testng.TestNGProvider.invoke(TestNGProvider.java:113)
	at org.apache.maven.surefire.booter.ForkedBooter.runSuitesInProcess(ForkedBooter.java:385)
	at org.apache.maven.surefire.booter.ForkedBooter.execute(ForkedBooter.java:162)
	at org.apache.maven.surefire.booter.ForkedBooter.run(ForkedBooter.java:507)
	at org.apache.maven.surefire.booter.ForkedBooter.main(ForkedBooter.java:495)
]]></failure>
    <system-out><![CDATA[--------Total Discount Qty--------
Expected Value: 35
Actual Value: 30
12:25:09 INFO  [main] com.idrx.qa.util.TestUtil - Asserting values. Expected: [35], Actual: [30]
]]></system-out>
  </testcase>
  <testcase name="totalDiscountAmountTest" classname="com.idrx.qa.testcases.DiscountPageTest" time="0.452">
    <failure message="Total Discount Amount expected [₹ 4.79 Cr] but found [₹ 5.89 L]" type="java.lang.AssertionError"><![CDATA[java.lang.AssertionError: Total Discount Amount expected [₹ 4.79 Cr] but found [₹ 5.89 L]
	at org.testng.Assert.fail(Assert.java:111)
	at org.testng.Assert.failNotEquals(Assert.java:1590)
	at org.testng.Assert.assertEqualsImpl(Assert.java:150)
	at org.testng.Assert.assertEquals(Assert.java:132)
	at com.idrx.qa.util.TestUtil.assertEquals(TestUtil.java:90)
	at com.idrx.qa.testcases.DiscountPageTest.totalDiscountAmountTest(DiscountPageTest.java:87)
	at java.base/jdk.internal.reflect.DirectMethodHandleAccessor.invoke(DirectMethodHandleAccessor.java:103)
	at java.base/java.lang.reflect.Method.invoke(Method.java:580)
	at org.testng.internal.invokers.MethodInvocationHelper.invokeMethod(MethodInvocationHelper.java:141)
	at org.testng.internal.invokers.TestInvoker.invokeMethod(TestInvoker.java:687)
	at org.testng.internal.invokers.TestInvoker.invokeTestMethod(TestInvoker.java:230)
	at org.testng.internal.invokers.MethodRunner.runInSequence(MethodRunner.java:63)
	at org.testng.internal.invokers.TestInvoker$MethodInvocationAgent.invoke(TestInvoker.java:995)
	at org.testng.internal.invokers.TestInvoker.invokeTestMethods(TestInvoker.java:203)
	at org.testng.internal.invokers.TestMethodWorker.invokeTestMethods(TestMethodWorker.java:154)
	at org.testng.internal.invokers.TestMethodWorker.run(TestMethodWorker.java:134)
	at java.base/java.util.ArrayList.forEach(ArrayList.java:1596)
	at org.testng.TestRunner.privateRun(TestRunner.java:741)
	at org.testng.TestRunner.run(TestRunner.java:616)
	at org.testng.SuiteRunner.runTest(SuiteRunner.java:421)
	at org.testng.SuiteRunner.runSequentially(SuiteRunner.java:413)
	at org.testng.SuiteRunner.privateRun(SuiteRunner.java:373)
	at org.testng.SuiteRunner.run(SuiteRunner.java:312)
	at org.testng.SuiteRunnerWorker.runSuite(SuiteRunnerWorker.java:52)
	at org.testng.SuiteRunnerWorker.run(SuiteRunnerWorker.java:95)
	at org.testng.TestNG.runSuitesSequentially(TestNG.java:1274)
	at org.testng.TestNG.runSuitesLocally(TestNG.java:1208)
	at org.testng.TestNG.runSuites(TestNG.java:1112)
	at org.testng.TestNG.run(TestNG.java:1079)
	at org.apache.maven.surefire.testng.TestNGExecutor.run(TestNGExecutor.java:308)
	at org.apache.maven.surefire.testng.TestNGXmlTestSuite.execute(TestNGXmlTestSuite.java:71)
	at org.apache.maven.surefire.testng.TestNGProvider.invoke(TestNGProvider.java:113)
	at org.apache.maven.surefire.booter.ForkedBooter.runSuitesInProcess(ForkedBooter.java:385)
	at org.apache.maven.surefire.booter.ForkedBooter.execute(ForkedBooter.java:162)
	at org.apache.maven.surefire.booter.ForkedBooter.run(ForkedBooter.java:507)
	at org.apache.maven.surefire.booter.ForkedBooter.main(ForkedBooter.java:495)
]]></failure>
    <system-out><![CDATA[finalValueCr: 4.79 Cr
--------Total Discount Amount--------
Expected Value: ₹ 4.79 Cr
Actual Value: ₹ 5.89 L
12:25:09 INFO  [main] com.idrx.qa.util.TestUtil - Asserting values. Expected: [₹ 4.79 Cr], Actual: [₹ 5.89 L]
]]></system-out>
  </testcase>
  <testcase name="currentMonthValueTest" classname="com.idrx.qa.testcases.DiscountPageTest" time="0.409">
    <failure message="Current Month Value expected [₹ 4.79 Cr] but found [₹ 5.89 L]" type="java.lang.AssertionError"><![CDATA[java.lang.AssertionError: Current Month Value expected [₹ 4.79 Cr] but found [₹ 5.89 L]
	at org.testng.Assert.fail(Assert.java:111)
	at org.testng.Assert.failNotEquals(Assert.java:1590)
	at org.testng.Assert.assertEqualsImpl(Assert.java:150)
	at org.testng.Assert.assertEquals(Assert.java:132)
	at com.idrx.qa.util.TestUtil.assertEquals(TestUtil.java:90)
	at com.idrx.qa.testcases.DiscountPageTest.currentMonthValueTest(DiscountPageTest.java:125)
	at java.base/jdk.internal.reflect.DirectMethodHandleAccessor.invoke(DirectMethodHandleAccessor.java:103)
	at java.base/java.lang.reflect.Method.invoke(Method.java:580)
	at org.testng.internal.invokers.MethodInvocationHelper.invokeMethod(MethodInvocationHelper.java:141)
	at org.testng.internal.invokers.TestInvoker.invokeMethod(TestInvoker.java:687)
	at org.testng.internal.invokers.TestInvoker.invokeTestMethod(TestInvoker.java:230)
	at org.testng.internal.invokers.MethodRunner.runInSequence(MethodRunner.java:63)
	at org.testng.internal.invokers.TestInvoker$MethodInvocationAgent.invoke(TestInvoker.java:995)
	at org.testng.internal.invokers.TestInvoker.invokeTestMethods(TestInvoker.java:203)
	at org.testng.internal.invokers.TestMethodWorker.invokeTestMethods(TestMethodWorker.java:154)
	at org.testng.internal.invokers.TestMethodWorker.run(TestMethodWorker.java:134)
	at java.base/java.util.ArrayList.forEach(ArrayList.java:1596)
	at org.testng.TestRunner.privateRun(TestRunner.java:741)
	at org.testng.TestRunner.run(TestRunner.java:616)
	at org.testng.SuiteRunner.runTest(SuiteRunner.java:421)
	at org.testng.SuiteRunner.runSequentially(SuiteRunner.java:413)
	at org.testng.SuiteRunner.privateRun(SuiteRunner.java:373)
	at org.testng.SuiteRunner.run(SuiteRunner.java:312)
	at org.testng.SuiteRunnerWorker.runSuite(SuiteRunnerWorker.java:52)
	at org.testng.SuiteRunnerWorker.run(SuiteRunnerWorker.java:95)
	at org.testng.TestNG.runSuitesSequentially(TestNG.java:1274)
	at org.testng.TestNG.runSuitesLocally(TestNG.java:1208)
	at org.testng.TestNG.runSuites(TestNG.java:1112)
	at org.testng.TestNG.run(TestNG.java:1079)
	at org.apache.maven.surefire.testng.TestNGExecutor.run(TestNGExecutor.java:308)
	at org.apache.maven.surefire.testng.TestNGXmlTestSuite.execute(TestNGXmlTestSuite.java:71)
	at org.apache.maven.surefire.testng.TestNGProvider.invoke(TestNGProvider.java:113)
	at org.apache.maven.surefire.booter.ForkedBooter.runSuitesInProcess(ForkedBooter.java:385)
	at org.apache.maven.surefire.booter.ForkedBooter.execute(ForkedBooter.java:162)
	at org.apache.maven.surefire.booter.ForkedBooter.run(ForkedBooter.java:507)
	at org.apache.maven.surefire.booter.ForkedBooter.main(ForkedBooter.java:495)
]]></failure>
    <system-out><![CDATA[finalValueCr: 4.79 Cr
--------Current Month Value--------
Expected Value: ₹ 4.79 Cr
Actual Value: ₹ 5.89 L
12:25:10 INFO  [main] com.idrx.qa.util.TestUtil - Asserting values. Expected: [₹ 4.79 Cr], Actual: [₹ 5.89 L]
]]></system-out>
  </testcase>
  <testcase name="previousMonthValueTest" classname="com.idrx.qa.testcases.DiscountPageTest" time="0.45">
    <failure message="Previous Month Value expected [₹ 4.79 Cr] but found [₹ 39.76 L]" type="java.lang.AssertionError"><![CDATA[java.lang.AssertionError: Previous Month Value expected [₹ 4.79 Cr] but found [₹ 39.76 L]
	at org.testng.Assert.fail(Assert.java:111)
	at org.testng.Assert.failNotEquals(Assert.java:1590)
	at org.testng.Assert.assertEqualsImpl(Assert.java:150)
	at org.testng.Assert.assertEquals(Assert.java:132)
	at com.idrx.qa.util.TestUtil.assertEquals(TestUtil.java:90)
	at com.idrx.qa.testcases.DiscountPageTest.previousMonthValueTest(DiscountPageTest.java:136)
	at java.base/jdk.internal.reflect.DirectMethodHandleAccessor.invoke(DirectMethodHandleAccessor.java:103)
	at java.base/java.lang.reflect.Method.invoke(Method.java:580)
	at org.testng.internal.invokers.MethodInvocationHelper.invokeMethod(MethodInvocationHelper.java:141)
	at org.testng.internal.invokers.TestInvoker.invokeMethod(TestInvoker.java:687)
	at org.testng.internal.invokers.TestInvoker.invokeTestMethod(TestInvoker.java:230)
	at org.testng.internal.invokers.MethodRunner.runInSequence(MethodRunner.java:63)
	at org.testng.internal.invokers.TestInvoker$MethodInvocationAgent.invoke(TestInvoker.java:995)
	at org.testng.internal.invokers.TestInvoker.invokeTestMethods(TestInvoker.java:203)
	at org.testng.internal.invokers.TestMethodWorker.invokeTestMethods(TestMethodWorker.java:154)
	at org.testng.internal.invokers.TestMethodWorker.run(TestMethodWorker.java:134)
	at java.base/java.util.ArrayList.forEach(ArrayList.java:1596)
	at org.testng.TestRunner.privateRun(TestRunner.java:741)
	at org.testng.TestRunner.run(TestRunner.java:616)
	at org.testng.SuiteRunner.runTest(SuiteRunner.java:421)
	at org.testng.SuiteRunner.runSequentially(SuiteRunner.java:413)
	at org.testng.SuiteRunner.privateRun(SuiteRunner.java:373)
	at org.testng.SuiteRunner.run(SuiteRunner.java:312)
	at org.testng.SuiteRunnerWorker.runSuite(SuiteRunnerWorker.java:52)
	at org.testng.SuiteRunnerWorker.run(SuiteRunnerWorker.java:95)
	at org.testng.TestNG.runSuitesSequentially(TestNG.java:1274)
	at org.testng.TestNG.runSuitesLocally(TestNG.java:1208)
	at org.testng.TestNG.runSuites(TestNG.java:1112)
	at org.testng.TestNG.run(TestNG.java:1079)
	at org.apache.maven.surefire.testng.TestNGExecutor.run(TestNGExecutor.java:308)
	at org.apache.maven.surefire.testng.TestNGXmlTestSuite.execute(TestNGXmlTestSuite.java:71)
	at org.apache.maven.surefire.testng.TestNGProvider.invoke(TestNGProvider.java:113)
	at org.apache.maven.surefire.booter.ForkedBooter.runSuitesInProcess(ForkedBooter.java:385)
	at org.apache.maven.surefire.booter.ForkedBooter.execute(ForkedBooter.java:162)
	at org.apache.maven.surefire.booter.ForkedBooter.run(ForkedBooter.java:507)
	at org.apache.maven.surefire.booter.ForkedBooter.main(ForkedBooter.java:495)
]]></failure>
    <system-out><![CDATA[finalValueCr: 4.79 Cr
--------Previous Month Value--------
Expected Value: ₹ 4.79 Cr
Actual Value: ₹ 39.76 L
12:25:10 INFO  [main] com.idrx.qa.util.TestUtil - Asserting values. Expected: [₹ 4.79 Cr], Actual: [₹ 39.76 L]
]]></system-out>
  </testcase>
  <testcase name="currentMonthUnitsTest" classname="com.idrx.qa.testcases.DiscountPageTest" time="3.837">
    <failure message="Current Month Units expected [35] but found [30]" type="java.lang.AssertionError"><![CDATA[java.lang.AssertionError: Current Month Units expected [35] but found [30]
	at org.testng.Assert.fail(Assert.java:111)
	at org.testng.Assert.failNotEquals(Assert.java:1590)
	at org.testng.Assert.assertEqualsImpl(Assert.java:150)
	at org.testng.Assert.assertEquals(Assert.java:132)
	at com.idrx.qa.util.TestUtil.assertEquals(TestUtil.java:90)
	at com.idrx.qa.testcases.DiscountPageTest.currentMonthUnitsTest(DiscountPageTest.java:102)
	at java.base/jdk.internal.reflect.DirectMethodHandleAccessor.invoke(DirectMethodHandleAccessor.java:103)
	at java.base/java.lang.reflect.Method.invoke(Method.java:580)
	at org.testng.internal.invokers.MethodInvocationHelper.invokeMethod(MethodInvocationHelper.java:141)
	at org.testng.internal.invokers.TestInvoker.invokeMethod(TestInvoker.java:687)
	at org.testng.internal.invokers.TestInvoker.invokeTestMethod(TestInvoker.java:230)
	at org.testng.internal.invokers.MethodRunner.runInSequence(MethodRunner.java:63)
	at org.testng.internal.invokers.TestInvoker$MethodInvocationAgent.invoke(TestInvoker.java:995)
	at org.testng.internal.invokers.TestInvoker.invokeTestMethods(TestInvoker.java:203)
	at org.testng.internal.invokers.TestMethodWorker.invokeTestMethods(TestMethodWorker.java:154)
	at org.testng.internal.invokers.TestMethodWorker.run(TestMethodWorker.java:134)
	at java.base/java.util.ArrayList.forEach(ArrayList.java:1596)
	at org.testng.TestRunner.privateRun(TestRunner.java:741)
	at org.testng.TestRunner.run(TestRunner.java:616)
	at org.testng.SuiteRunner.runTest(SuiteRunner.java:421)
	at org.testng.SuiteRunner.runSequentially(SuiteRunner.java:413)
	at org.testng.SuiteRunner.privateRun(SuiteRunner.java:373)
	at org.testng.SuiteRunner.run(SuiteRunner.java:312)
	at org.testng.SuiteRunnerWorker.runSuite(SuiteRunnerWorker.java:52)
	at org.testng.SuiteRunnerWorker.run(SuiteRunnerWorker.java:95)
	at org.testng.TestNG.runSuitesSequentially(TestNG.java:1274)
	at org.testng.TestNG.runSuitesLocally(TestNG.java:1208)
	at org.testng.TestNG.runSuites(TestNG.java:1112)
	at org.testng.TestNG.run(TestNG.java:1079)
	at org.apache.maven.surefire.testng.TestNGExecutor.run(TestNGExecutor.java:308)
	at org.apache.maven.surefire.testng.TestNGXmlTestSuite.execute(TestNGXmlTestSuite.java:71)
	at org.apache.maven.surefire.testng.TestNGProvider.invoke(TestNGProvider.java:113)
	at org.apache.maven.surefire.booter.ForkedBooter.runSuitesInProcess(ForkedBooter.java:385)
	at org.apache.maven.surefire.booter.ForkedBooter.execute(ForkedBooter.java:162)
	at org.apache.maven.surefire.booter.ForkedBooter.run(ForkedBooter.java:507)
	at org.apache.maven.surefire.booter.ForkedBooter.main(ForkedBooter.java:495)
]]></failure>
    <system-out><![CDATA[--------Current Month Units--------
Expected Value: 35
Actual Value: 30
12:25:14 INFO  [main] com.idrx.qa.util.TestUtil - Asserting values. Expected: [35], Actual: [30]
]]></system-out>
  </testcase>
  <testcase name="previousMonthUnitsTest" classname="com.idrx.qa.testcases.DiscountPageTest" time="0.411">
    <failure message="Previous Month Units expected [35] but found [129]" type="java.lang.AssertionError"><![CDATA[java.lang.AssertionError: Previous Month Units expected [35] but found [129]
	at org.testng.Assert.fail(Assert.java:111)
	at org.testng.Assert.failNotEquals(Assert.java:1590)
	at org.testng.Assert.assertEqualsImpl(Assert.java:150)
	at org.testng.Assert.assertEquals(Assert.java:132)
	at com.idrx.qa.util.TestUtil.assertEquals(TestUtil.java:90)
	at com.idrx.qa.testcases.DiscountPageTest.previousMonthUnitsTest(DiscountPageTest.java:114)
	at java.base/jdk.internal.reflect.DirectMethodHandleAccessor.invoke(DirectMethodHandleAccessor.java:103)
	at java.base/java.lang.reflect.Method.invoke(Method.java:580)
	at org.testng.internal.invokers.MethodInvocationHelper.invokeMethod(MethodInvocationHelper.java:141)
	at org.testng.internal.invokers.TestInvoker.invokeMethod(TestInvoker.java:687)
	at org.testng.internal.invokers.TestInvoker.invokeTestMethod(TestInvoker.java:230)
	at org.testng.internal.invokers.MethodRunner.runInSequence(MethodRunner.java:63)
	at org.testng.internal.invokers.TestInvoker$MethodInvocationAgent.invoke(TestInvoker.java:995)
	at org.testng.internal.invokers.TestInvoker.invokeTestMethods(TestInvoker.java:203)
	at org.testng.internal.invokers.TestMethodWorker.invokeTestMethods(TestMethodWorker.java:154)
	at org.testng.internal.invokers.TestMethodWorker.run(TestMethodWorker.java:134)
	at java.base/java.util.ArrayList.forEach(ArrayList.java:1596)
	at org.testng.TestRunner.privateRun(TestRunner.java:741)
	at org.testng.TestRunner.run(TestRunner.java:616)
	at org.testng.SuiteRunner.runTest(SuiteRunner.java:421)
	at org.testng.SuiteRunner.runSequentially(SuiteRunner.java:413)
	at org.testng.SuiteRunner.privateRun(SuiteRunner.java:373)
	at org.testng.SuiteRunner.run(SuiteRunner.java:312)
	at org.testng.SuiteRunnerWorker.runSuite(SuiteRunnerWorker.java:52)
	at org.testng.SuiteRunnerWorker.run(SuiteRunnerWorker.java:95)
	at org.testng.TestNG.runSuitesSequentially(TestNG.java:1274)
	at org.testng.TestNG.runSuitesLocally(TestNG.java:1208)
	at org.testng.TestNG.runSuites(TestNG.java:1112)
	at org.testng.TestNG.run(TestNG.java:1079)
	at org.apache.maven.surefire.testng.TestNGExecutor.run(TestNGExecutor.java:308)
	at org.apache.maven.surefire.testng.TestNGXmlTestSuite.execute(TestNGXmlTestSuite.java:71)
	at org.apache.maven.surefire.testng.TestNGProvider.invoke(TestNGProvider.java:113)
	at org.apache.maven.surefire.booter.ForkedBooter.runSuitesInProcess(ForkedBooter.java:385)
	at org.apache.maven.surefire.booter.ForkedBooter.execute(ForkedBooter.java:162)
	at org.apache.maven.surefire.booter.ForkedBooter.run(ForkedBooter.java:507)
	at org.apache.maven.surefire.booter.ForkedBooter.main(ForkedBooter.java:495)
]]></failure>
    <system-out><![CDATA[--------Previous Month Units--------
Expected Value: 35
Actual Value: 129
12:25:14 INFO  [main] com.idrx.qa.util.TestUtil - Asserting values. Expected: [35], Actual: [129]
]]></system-out>
  </testcase>
  <testcase name="noOfFinanceQtyTest" classname="com.idrx.qa.testcases.FinancePageTest" time="1.26">
    <failure message="No. of Finance Qty expected [35] but found [131]" type="java.lang.AssertionError"><![CDATA[java.lang.AssertionError: No. of Finance Qty expected [35] but found [131]
	at org.testng.Assert.fail(Assert.java:111)
	at org.testng.Assert.failNotEquals(Assert.java:1590)
	at org.testng.Assert.assertEqualsImpl(Assert.java:150)
	at org.testng.Assert.assertEquals(Assert.java:132)
	at com.idrx.qa.util.TestUtil.assertEquals(TestUtil.java:90)
	at com.idrx.qa.testcases.FinancePageTest.noOfFinanceQtyTest(FinancePageTest.java:54)
	at java.base/jdk.internal.reflect.DirectMethodHandleAccessor.invoke(DirectMethodHandleAccessor.java:103)
	at java.base/java.lang.reflect.Method.invoke(Method.java:580)
	at org.testng.internal.invokers.MethodInvocationHelper.invokeMethod(MethodInvocationHelper.java:141)
	at org.testng.internal.invokers.TestInvoker.invokeMethod(TestInvoker.java:687)
	at org.testng.internal.invokers.TestInvoker.invokeTestMethod(TestInvoker.java:230)
	at org.testng.internal.invokers.MethodRunner.runInSequence(MethodRunner.java:63)
	at org.testng.internal.invokers.TestInvoker$MethodInvocationAgent.invoke(TestInvoker.java:995)
	at org.testng.internal.invokers.TestInvoker.invokeTestMethods(TestInvoker.java:203)
	at org.testng.internal.invokers.TestMethodWorker.invokeTestMethods(TestMethodWorker.java:154)
	at org.testng.internal.invokers.TestMethodWorker.run(TestMethodWorker.java:134)
	at java.base/java.util.ArrayList.forEach(ArrayList.java:1596)
	at org.testng.TestRunner.privateRun(TestRunner.java:741)
	at org.testng.TestRunner.run(TestRunner.java:616)
	at org.testng.SuiteRunner.runTest(SuiteRunner.java:421)
	at org.testng.SuiteRunner.runSequentially(SuiteRunner.java:413)
	at org.testng.SuiteRunner.privateRun(SuiteRunner.java:373)
	at org.testng.SuiteRunner.run(SuiteRunner.java:312)
	at org.testng.SuiteRunnerWorker.runSuite(SuiteRunnerWorker.java:52)
	at org.testng.SuiteRunnerWorker.run(SuiteRunnerWorker.java:95)
	at org.testng.TestNG.runSuitesSequentially(TestNG.java:1274)
	at org.testng.TestNG.runSuitesLocally(TestNG.java:1208)
	at org.testng.TestNG.runSuites(TestNG.java:1112)
	at org.testng.TestNG.run(TestNG.java:1079)
	at org.apache.maven.surefire.testng.TestNGExecutor.run(TestNGExecutor.java:308)
	at org.apache.maven.surefire.testng.TestNGXmlTestSuite.execute(TestNGXmlTestSuite.java:71)
	at org.apache.maven.surefire.testng.TestNGProvider.invoke(TestNGProvider.java:113)
	at org.apache.maven.surefire.booter.ForkedBooter.runSuitesInProcess(ForkedBooter.java:385)
	at org.apache.maven.surefire.booter.ForkedBooter.execute(ForkedBooter.java:162)
	at org.apache.maven.surefire.booter.ForkedBooter.run(ForkedBooter.java:507)
	at org.apache.maven.surefire.booter.ForkedBooter.main(ForkedBooter.java:495)
]]></failure>
    <system-out><![CDATA[12:25:16 INFO  [main] com.idrx.qa.util.TestUtil - 🌐 Launching URL: https://sks.clarix.in/home
12:25:16 INFO  [main] com.idrx.qa.util.TestUtil - ✅ URL launched successfully
12:25:16 INFO  [main] com.idrx.qa.util.TestUtil - Entering Value in Username Field → 'admin'
12:25:17 INFO  [main] com.idrx.qa.util.TestUtil - ✅ Entered Value successfully in: Username Field
12:25:17 INFO  [main] com.idrx.qa.util.TestUtil - Entering Value in Password Field → 'admin'
12:25:17 INFO  [main] com.idrx.qa.util.TestUtil - ✅ Entered Value successfully in: Password Field
12:25:17 INFO  [main] com.idrx.qa.util.TestUtil - Clicking on: Submit Button
12:25:17 INFO  [main] com.idrx.qa.util.TestUtil - ✅ Clicked successfully on: Submit Button
--------No. of Finance Qty--------
Expected Value: 35
Actual Value: 131
12:25:34 INFO  [main] com.idrx.qa.util.TestUtil - Asserting values. Expected: [35], Actual: [131]
]]></system-out>
    <system-err><![CDATA[Jun 17, 2025 12:25:15 PM org.openqa.selenium.devtools.CdpVersionFinder findNearestMatch
WARNING: Unable to find an exact match for CDP version 137, returning the closest version; found: 136; Please update to a Selenium version that supports CDP version 137
]]></system-err>
  </testcase>
  <testcase name="financePenetrationTest" classname="com.idrx.qa.testcases.FinancePageTest" time="0.476">
    <failure message="Finance Penetration expected [35] but found [83.44%]" type="java.lang.AssertionError"><![CDATA[java.lang.AssertionError: Finance Penetration expected [35] but found [83.44%]
	at org.testng.Assert.fail(Assert.java:111)
	at org.testng.Assert.failNotEquals(Assert.java:1590)
	at org.testng.Assert.assertEqualsImpl(Assert.java:150)
	at org.testng.Assert.assertEquals(Assert.java:132)
	at com.idrx.qa.util.TestUtil.assertEquals(TestUtil.java:90)
	at com.idrx.qa.testcases.FinancePageTest.financePenetrationTest(FinancePageTest.java:65)
	at java.base/jdk.internal.reflect.DirectMethodHandleAccessor.invoke(DirectMethodHandleAccessor.java:103)
	at java.base/java.lang.reflect.Method.invoke(Method.java:580)
	at org.testng.internal.invokers.MethodInvocationHelper.invokeMethod(MethodInvocationHelper.java:141)
	at org.testng.internal.invokers.TestInvoker.invokeMethod(TestInvoker.java:687)
	at org.testng.internal.invokers.TestInvoker.invokeTestMethod(TestInvoker.java:230)
	at org.testng.internal.invokers.MethodRunner.runInSequence(MethodRunner.java:63)
	at org.testng.internal.invokers.TestInvoker$MethodInvocationAgent.invoke(TestInvoker.java:995)
	at org.testng.internal.invokers.TestInvoker.invokeTestMethods(TestInvoker.java:203)
	at org.testng.internal.invokers.TestMethodWorker.invokeTestMethods(TestMethodWorker.java:154)
	at org.testng.internal.invokers.TestMethodWorker.run(TestMethodWorker.java:134)
	at java.base/java.util.ArrayList.forEach(ArrayList.java:1596)
	at org.testng.TestRunner.privateRun(TestRunner.java:741)
	at org.testng.TestRunner.run(TestRunner.java:616)
	at org.testng.SuiteRunner.runTest(SuiteRunner.java:421)
	at org.testng.SuiteRunner.runSequentially(SuiteRunner.java:413)
	at org.testng.SuiteRunner.privateRun(SuiteRunner.java:373)
	at org.testng.SuiteRunner.run(SuiteRunner.java:312)
	at org.testng.SuiteRunnerWorker.runSuite(SuiteRunnerWorker.java:52)
	at org.testng.SuiteRunnerWorker.run(SuiteRunnerWorker.java:95)
	at org.testng.TestNG.runSuitesSequentially(TestNG.java:1274)
	at org.testng.TestNG.runSuitesLocally(TestNG.java:1208)
	at org.testng.TestNG.runSuites(TestNG.java:1112)
	at org.testng.TestNG.run(TestNG.java:1079)
	at org.apache.maven.surefire.testng.TestNGExecutor.run(TestNGExecutor.java:308)
	at org.apache.maven.surefire.testng.TestNGXmlTestSuite.execute(TestNGXmlTestSuite.java:71)
	at org.apache.maven.surefire.testng.TestNGProvider.invoke(TestNGProvider.java:113)
	at org.apache.maven.surefire.booter.ForkedBooter.runSuitesInProcess(ForkedBooter.java:385)
	at org.apache.maven.surefire.booter.ForkedBooter.execute(ForkedBooter.java:162)
	at org.apache.maven.surefire.booter.ForkedBooter.run(ForkedBooter.java:507)
	at org.apache.maven.surefire.booter.ForkedBooter.main(ForkedBooter.java:495)
]]></failure>
    <system-out><![CDATA[--------Finance Penetration--------
Expected Value: 35
Actual Value: 83.44%
12:25:35 INFO  [main] com.idrx.qa.util.TestUtil - Asserting values. Expected: [35], Actual: [83.44%]
]]></system-out>
  </testcase>
  <testcase name="cashVsFinanceTotalTest" classname="com.idrx.qa.testcases.FinancePageTest" time="0.425">
    <failure message="Cash vs Finance Total expected [35] but found [157]" type="java.lang.AssertionError"><![CDATA[java.lang.AssertionError: Cash vs Finance Total expected [35] but found [157]
	at org.testng.Assert.fail(Assert.java:111)
	at org.testng.Assert.failNotEquals(Assert.java:1590)
	at org.testng.Assert.assertEqualsImpl(Assert.java:150)
	at org.testng.Assert.assertEquals(Assert.java:132)
	at com.idrx.qa.util.TestUtil.assertEquals(TestUtil.java:90)
	at com.idrx.qa.testcases.FinancePageTest.cashVsFinanceTotalTest(FinancePageTest.java:78)
	at java.base/jdk.internal.reflect.DirectMethodHandleAccessor.invoke(DirectMethodHandleAccessor.java:103)
	at java.base/java.lang.reflect.Method.invoke(Method.java:580)
	at org.testng.internal.invokers.MethodInvocationHelper.invokeMethod(MethodInvocationHelper.java:141)
	at org.testng.internal.invokers.TestInvoker.invokeMethod(TestInvoker.java:687)
	at org.testng.internal.invokers.TestInvoker.invokeTestMethod(TestInvoker.java:230)
	at org.testng.internal.invokers.MethodRunner.runInSequence(MethodRunner.java:63)
	at org.testng.internal.invokers.TestInvoker$MethodInvocationAgent.invoke(TestInvoker.java:995)
	at org.testng.internal.invokers.TestInvoker.invokeTestMethods(TestInvoker.java:203)
	at org.testng.internal.invokers.TestMethodWorker.invokeTestMethods(TestMethodWorker.java:154)
	at org.testng.internal.invokers.TestMethodWorker.run(TestMethodWorker.java:134)
	at java.base/java.util.ArrayList.forEach(ArrayList.java:1596)
	at org.testng.TestRunner.privateRun(TestRunner.java:741)
	at org.testng.TestRunner.run(TestRunner.java:616)
	at org.testng.SuiteRunner.runTest(SuiteRunner.java:421)
	at org.testng.SuiteRunner.runSequentially(SuiteRunner.java:413)
	at org.testng.SuiteRunner.privateRun(SuiteRunner.java:373)
	at org.testng.SuiteRunner.run(SuiteRunner.java:312)
	at org.testng.SuiteRunnerWorker.runSuite(SuiteRunnerWorker.java:52)
	at org.testng.SuiteRunnerWorker.run(SuiteRunnerWorker.java:95)
	at org.testng.TestNG.runSuitesSequentially(TestNG.java:1274)
	at org.testng.TestNG.runSuitesLocally(TestNG.java:1208)
	at org.testng.TestNG.runSuites(TestNG.java:1112)
	at org.testng.TestNG.run(TestNG.java:1079)
	at org.apache.maven.surefire.testng.TestNGExecutor.run(TestNGExecutor.java:308)
	at org.apache.maven.surefire.testng.TestNGXmlTestSuite.execute(TestNGXmlTestSuite.java:71)
	at org.apache.maven.surefire.testng.TestNGProvider.invoke(TestNGProvider.java:113)
	at org.apache.maven.surefire.booter.ForkedBooter.runSuitesInProcess(ForkedBooter.java:385)
	at org.apache.maven.surefire.booter.ForkedBooter.execute(ForkedBooter.java:162)
	at org.apache.maven.surefire.booter.ForkedBooter.run(ForkedBooter.java:507)
	at org.apache.maven.surefire.booter.ForkedBooter.main(ForkedBooter.java:495)
]]></failure>
    <system-out><![CDATA[--------Cash vs Finance Total--------
Expected Value: 35
Actual Value: 157
12:25:35 INFO  [main] com.idrx.qa.util.TestUtil - Asserting values. Expected: [35], Actual: [157]
]]></system-out>
  </testcase>
  <testcase name="currentMonthFinanceTrendTest" classname="com.idrx.qa.testcases.FinancePageTest" time="0.441">
    <failure message="Current Month Finance Trend expected [35] but found [29]" type="java.lang.AssertionError"><![CDATA[java.lang.AssertionError: Current Month Finance Trend expected [35] but found [29]
	at org.testng.Assert.fail(Assert.java:111)
	at org.testng.Assert.failNotEquals(Assert.java:1590)
	at org.testng.Assert.assertEqualsImpl(Assert.java:150)
	at org.testng.Assert.assertEquals(Assert.java:132)
	at com.idrx.qa.util.TestUtil.assertEquals(TestUtil.java:90)
	at com.idrx.qa.testcases.FinancePageTest.currentMonthFinanceTrendTest(FinancePageTest.java:91)
	at java.base/jdk.internal.reflect.DirectMethodHandleAccessor.invoke(DirectMethodHandleAccessor.java:103)
	at java.base/java.lang.reflect.Method.invoke(Method.java:580)
	at org.testng.internal.invokers.MethodInvocationHelper.invokeMethod(MethodInvocationHelper.java:141)
	at org.testng.internal.invokers.TestInvoker.invokeMethod(TestInvoker.java:687)
	at org.testng.internal.invokers.TestInvoker.invokeTestMethod(TestInvoker.java:230)
	at org.testng.internal.invokers.MethodRunner.runInSequence(MethodRunner.java:63)
	at org.testng.internal.invokers.TestInvoker$MethodInvocationAgent.invoke(TestInvoker.java:995)
	at org.testng.internal.invokers.TestInvoker.invokeTestMethods(TestInvoker.java:203)
	at org.testng.internal.invokers.TestMethodWorker.invokeTestMethods(TestMethodWorker.java:154)
	at org.testng.internal.invokers.TestMethodWorker.run(TestMethodWorker.java:134)
	at java.base/java.util.ArrayList.forEach(ArrayList.java:1596)
	at org.testng.TestRunner.privateRun(TestRunner.java:741)
	at org.testng.TestRunner.run(TestRunner.java:616)
	at org.testng.SuiteRunner.runTest(SuiteRunner.java:421)
	at org.testng.SuiteRunner.runSequentially(SuiteRunner.java:413)
	at org.testng.SuiteRunner.privateRun(SuiteRunner.java:373)
	at org.testng.SuiteRunner.run(SuiteRunner.java:312)
	at org.testng.SuiteRunnerWorker.runSuite(SuiteRunnerWorker.java:52)
	at org.testng.SuiteRunnerWorker.run(SuiteRunnerWorker.java:95)
	at org.testng.TestNG.runSuitesSequentially(TestNG.java:1274)
	at org.testng.TestNG.runSuitesLocally(TestNG.java:1208)
	at org.testng.TestNG.runSuites(TestNG.java:1112)
	at org.testng.TestNG.run(TestNG.java:1079)
	at org.apache.maven.surefire.testng.TestNGExecutor.run(TestNGExecutor.java:308)
	at org.apache.maven.surefire.testng.TestNGXmlTestSuite.execute(TestNGXmlTestSuite.java:71)
	at org.apache.maven.surefire.testng.TestNGProvider.invoke(TestNGProvider.java:113)
	at org.apache.maven.surefire.booter.ForkedBooter.runSuitesInProcess(ForkedBooter.java:385)
	at org.apache.maven.surefire.booter.ForkedBooter.execute(ForkedBooter.java:162)
	at org.apache.maven.surefire.booter.ForkedBooter.run(ForkedBooter.java:507)
	at org.apache.maven.surefire.booter.ForkedBooter.main(ForkedBooter.java:495)
]]></failure>
    <system-out><![CDATA[--------Current Month Finance Trend--------
Expected Value: 35
Actual Value: 29
12:25:36 INFO  [main] com.idrx.qa.util.TestUtil - Asserting values. Expected: [35], Actual: [29]
]]></system-out>
  </testcase>
  <testcase name="previousMonthFinanceTrendTest" classname="com.idrx.qa.testcases.FinancePageTest" time="0.451">
    <failure message="Previous Month Finance Trend expected [35] but found [141]" type="java.lang.AssertionError"><![CDATA[java.lang.AssertionError: Previous Month Finance Trend expected [35] but found [141]
	at org.testng.Assert.fail(Assert.java:111)
	at org.testng.Assert.failNotEquals(Assert.java:1590)
	at org.testng.Assert.assertEqualsImpl(Assert.java:150)
	at org.testng.Assert.assertEquals(Assert.java:132)
	at com.idrx.qa.util.TestUtil.assertEquals(TestUtil.java:90)
	at com.idrx.qa.testcases.FinancePageTest.previousMonthFinanceTrendTest(FinancePageTest.java:104)
	at java.base/jdk.internal.reflect.DirectMethodHandleAccessor.invoke(DirectMethodHandleAccessor.java:103)
	at java.base/java.lang.reflect.Method.invoke(Method.java:580)
	at org.testng.internal.invokers.MethodInvocationHelper.invokeMethod(MethodInvocationHelper.java:141)
	at org.testng.internal.invokers.TestInvoker.invokeMethod(TestInvoker.java:687)
	at org.testng.internal.invokers.TestInvoker.invokeTestMethod(TestInvoker.java:230)
	at org.testng.internal.invokers.MethodRunner.runInSequence(MethodRunner.java:63)
	at org.testng.internal.invokers.TestInvoker$MethodInvocationAgent.invoke(TestInvoker.java:995)
	at org.testng.internal.invokers.TestInvoker.invokeTestMethods(TestInvoker.java:203)
	at org.testng.internal.invokers.TestMethodWorker.invokeTestMethods(TestMethodWorker.java:154)
	at org.testng.internal.invokers.TestMethodWorker.run(TestMethodWorker.java:134)
	at java.base/java.util.ArrayList.forEach(ArrayList.java:1596)
	at org.testng.TestRunner.privateRun(TestRunner.java:741)
	at org.testng.TestRunner.run(TestRunner.java:616)
	at org.testng.SuiteRunner.runTest(SuiteRunner.java:421)
	at org.testng.SuiteRunner.runSequentially(SuiteRunner.java:413)
	at org.testng.SuiteRunner.privateRun(SuiteRunner.java:373)
	at org.testng.SuiteRunner.run(SuiteRunner.java:312)
	at org.testng.SuiteRunnerWorker.runSuite(SuiteRunnerWorker.java:52)
	at org.testng.SuiteRunnerWorker.run(SuiteRunnerWorker.java:95)
	at org.testng.TestNG.runSuitesSequentially(TestNG.java:1274)
	at org.testng.TestNG.runSuitesLocally(TestNG.java:1208)
	at org.testng.TestNG.runSuites(TestNG.java:1112)
	at org.testng.TestNG.run(TestNG.java:1079)
	at org.apache.maven.surefire.testng.TestNGExecutor.run(TestNGExecutor.java:308)
	at org.apache.maven.surefire.testng.TestNGXmlTestSuite.execute(TestNGXmlTestSuite.java:71)
	at org.apache.maven.surefire.testng.TestNGProvider.invoke(TestNGProvider.java:113)
	at org.apache.maven.surefire.booter.ForkedBooter.runSuitesInProcess(ForkedBooter.java:385)
	at org.apache.maven.surefire.booter.ForkedBooter.execute(ForkedBooter.java:162)
	at org.apache.maven.surefire.booter.ForkedBooter.run(ForkedBooter.java:507)
	at org.apache.maven.surefire.booter.ForkedBooter.main(ForkedBooter.java:495)
]]></failure>
    <system-out><![CDATA[--------Previous Month Finance Trend--------
Expected Value: 35
Actual Value: 141
12:25:36 INFO  [main] com.idrx.qa.util.TestUtil - Asserting values. Expected: [35], Actual: [141]
]]></system-out>
  </testcase>
  <testcase name="currentMonthFinancePenetrationTrendTest" classname="com.idrx.qa.testcases.FinancePageTest" time="0.433">
    <failure message="Current Month Finance Penetration Trend expected [35] but found [83%]" type="java.lang.AssertionError"><![CDATA[java.lang.AssertionError: Current Month Finance Penetration Trend expected [35] but found [83%]
	at org.testng.Assert.fail(Assert.java:111)
	at org.testng.Assert.failNotEquals(Assert.java:1590)
	at org.testng.Assert.assertEqualsImpl(Assert.java:150)
	at org.testng.Assert.assertEquals(Assert.java:132)
	at com.idrx.qa.util.TestUtil.assertEquals(TestUtil.java:90)
	at com.idrx.qa.testcases.FinancePageTest.currentMonthFinancePenetrationTrendTest(FinancePageTest.java:116)
	at java.base/jdk.internal.reflect.DirectMethodHandleAccessor.invoke(DirectMethodHandleAccessor.java:103)
	at java.base/java.lang.reflect.Method.invoke(Method.java:580)
	at org.testng.internal.invokers.MethodInvocationHelper.invokeMethod(MethodInvocationHelper.java:141)
	at org.testng.internal.invokers.TestInvoker.invokeMethod(TestInvoker.java:687)
	at org.testng.internal.invokers.TestInvoker.invokeTestMethod(TestInvoker.java:230)
	at org.testng.internal.invokers.MethodRunner.runInSequence(MethodRunner.java:63)
	at org.testng.internal.invokers.TestInvoker$MethodInvocationAgent.invoke(TestInvoker.java:995)
	at org.testng.internal.invokers.TestInvoker.invokeTestMethods(TestInvoker.java:203)
	at org.testng.internal.invokers.TestMethodWorker.invokeTestMethods(TestMethodWorker.java:154)
	at org.testng.internal.invokers.TestMethodWorker.run(TestMethodWorker.java:134)
	at java.base/java.util.ArrayList.forEach(ArrayList.java:1596)
	at org.testng.TestRunner.privateRun(TestRunner.java:741)
	at org.testng.TestRunner.run(TestRunner.java:616)
	at org.testng.SuiteRunner.runTest(SuiteRunner.java:421)
	at org.testng.SuiteRunner.runSequentially(SuiteRunner.java:413)
	at org.testng.SuiteRunner.privateRun(SuiteRunner.java:373)
	at org.testng.SuiteRunner.run(SuiteRunner.java:312)
	at org.testng.SuiteRunnerWorker.runSuite(SuiteRunnerWorker.java:52)
	at org.testng.SuiteRunnerWorker.run(SuiteRunnerWorker.java:95)
	at org.testng.TestNG.runSuitesSequentially(TestNG.java:1274)
	at org.testng.TestNG.runSuitesLocally(TestNG.java:1208)
	at org.testng.TestNG.runSuites(TestNG.java:1112)
	at org.testng.TestNG.run(TestNG.java:1079)
	at org.apache.maven.surefire.testng.TestNGExecutor.run(TestNGExecutor.java:308)
	at org.apache.maven.surefire.testng.TestNGXmlTestSuite.execute(TestNGXmlTestSuite.java:71)
	at org.apache.maven.surefire.testng.TestNGProvider.invoke(TestNGProvider.java:113)
	at org.apache.maven.surefire.booter.ForkedBooter.runSuitesInProcess(ForkedBooter.java:385)
	at org.apache.maven.surefire.booter.ForkedBooter.execute(ForkedBooter.java:162)
	at org.apache.maven.surefire.booter.ForkedBooter.run(ForkedBooter.java:507)
	at org.apache.maven.surefire.booter.ForkedBooter.main(ForkedBooter.java:495)
]]></failure>
    <system-out><![CDATA[--------Current Month Finance Penetration Trend--------
Expected Value: 35
Actual Value: 83%
12:25:37 INFO  [main] com.idrx.qa.util.TestUtil - Asserting values. Expected: [35], Actual: [83%]
]]></system-out>
  </testcase>
  <testcase name="previousMonthFinancePenetrationTrendTest" classname="com.idrx.qa.testcases.FinancePageTest" time="0.41">
    <failure message="Previous Month Finance Penetration Trend expected [35] but found [83%]" type="java.lang.AssertionError"><![CDATA[java.lang.AssertionError: Previous Month Finance Penetration Trend expected [35] but found [83%]
	at org.testng.Assert.fail(Assert.java:111)
	at org.testng.Assert.failNotEquals(Assert.java:1590)
	at org.testng.Assert.assertEqualsImpl(Assert.java:150)
	at org.testng.Assert.assertEquals(Assert.java:132)
	at com.idrx.qa.util.TestUtil.assertEquals(TestUtil.java:90)
	at com.idrx.qa.testcases.FinancePageTest.previousMonthFinancePenetrationTrendTest(FinancePageTest.java:127)
	at java.base/jdk.internal.reflect.DirectMethodHandleAccessor.invoke(DirectMethodHandleAccessor.java:103)
	at java.base/java.lang.reflect.Method.invoke(Method.java:580)
	at org.testng.internal.invokers.MethodInvocationHelper.invokeMethod(MethodInvocationHelper.java:141)
	at org.testng.internal.invokers.TestInvoker.invokeMethod(TestInvoker.java:687)
	at org.testng.internal.invokers.TestInvoker.invokeTestMethod(TestInvoker.java:230)
	at org.testng.internal.invokers.MethodRunner.runInSequence(MethodRunner.java:63)
	at org.testng.internal.invokers.TestInvoker$MethodInvocationAgent.invoke(TestInvoker.java:995)
	at org.testng.internal.invokers.TestInvoker.invokeTestMethods(TestInvoker.java:203)
	at org.testng.internal.invokers.TestMethodWorker.invokeTestMethods(TestMethodWorker.java:154)
	at org.testng.internal.invokers.TestMethodWorker.run(TestMethodWorker.java:134)
	at java.base/java.util.ArrayList.forEach(ArrayList.java:1596)
	at org.testng.TestRunner.privateRun(TestRunner.java:741)
	at org.testng.TestRunner.run(TestRunner.java:616)
	at org.testng.SuiteRunner.runTest(SuiteRunner.java:421)
	at org.testng.SuiteRunner.runSequentially(SuiteRunner.java:413)
	at org.testng.SuiteRunner.privateRun(SuiteRunner.java:373)
	at org.testng.SuiteRunner.run(SuiteRunner.java:312)
	at org.testng.SuiteRunnerWorker.runSuite(SuiteRunnerWorker.java:52)
	at org.testng.SuiteRunnerWorker.run(SuiteRunnerWorker.java:95)
	at org.testng.TestNG.runSuitesSequentially(TestNG.java:1274)
	at org.testng.TestNG.runSuitesLocally(TestNG.java:1208)
	at org.testng.TestNG.runSuites(TestNG.java:1112)
	at org.testng.TestNG.run(TestNG.java:1079)
	at org.apache.maven.surefire.testng.TestNGExecutor.run(TestNGExecutor.java:308)
	at org.apache.maven.surefire.testng.TestNGXmlTestSuite.execute(TestNGXmlTestSuite.java:71)
	at org.apache.maven.surefire.testng.TestNGProvider.invoke(TestNGProvider.java:113)
	at org.apache.maven.surefire.booter.ForkedBooter.runSuitesInProcess(ForkedBooter.java:385)
	at org.apache.maven.surefire.booter.ForkedBooter.execute(ForkedBooter.java:162)
	at org.apache.maven.surefire.booter.ForkedBooter.run(ForkedBooter.java:507)
	at org.apache.maven.surefire.booter.ForkedBooter.main(ForkedBooter.java:495)
]]></failure>
    <system-out><![CDATA[--------Previous Month Finance Penetration Trend--------
Expected Value: 35
Actual Value: 83%
12:25:37 INFO  [main] com.idrx.qa.util.TestUtil - Asserting values. Expected: [35], Actual: [83%]
]]></system-out>
  </testcase>
  <testcase name="noofQtyTest" classname="com.idrx.qa.testcases.PartsSalesTest" time="1.298">
    <failure message="No of Qty expected [31907] but found [31908]" type="java.lang.AssertionError"><![CDATA[java.lang.AssertionError: No of Qty expected [31907] but found [31908]
	at org.testng.Assert.fail(Assert.java:111)
	at org.testng.Assert.failNotEquals(Assert.java:1590)
	at org.testng.Assert.assertEqualsImpl(Assert.java:150)
	at org.testng.Assert.assertEquals(Assert.java:132)
	at com.idrx.qa.util.TestUtil.assertEquals(TestUtil.java:90)
	at com.idrx.qa.testcases.PartsSalesTest.noofQtyTest(PartsSalesTest.java:49)
	at java.base/jdk.internal.reflect.DirectMethodHandleAccessor.invoke(DirectMethodHandleAccessor.java:103)
	at java.base/java.lang.reflect.Method.invoke(Method.java:580)
	at org.testng.internal.invokers.MethodInvocationHelper.invokeMethod(MethodInvocationHelper.java:141)
	at org.testng.internal.invokers.TestInvoker.invokeMethod(TestInvoker.java:687)
	at org.testng.internal.invokers.TestInvoker.invokeTestMethod(TestInvoker.java:230)
	at org.testng.internal.invokers.MethodRunner.runInSequence(MethodRunner.java:63)
	at org.testng.internal.invokers.TestInvoker$MethodInvocationAgent.invoke(TestInvoker.java:995)
	at org.testng.internal.invokers.TestInvoker.invokeTestMethods(TestInvoker.java:203)
	at org.testng.internal.invokers.TestMethodWorker.invokeTestMethods(TestMethodWorker.java:154)
	at org.testng.internal.invokers.TestMethodWorker.run(TestMethodWorker.java:134)
	at java.base/java.util.ArrayList.forEach(ArrayList.java:1596)
	at org.testng.TestRunner.privateRun(TestRunner.java:741)
	at org.testng.TestRunner.run(TestRunner.java:616)
	at org.testng.SuiteRunner.runTest(SuiteRunner.java:421)
	at org.testng.SuiteRunner.runSequentially(SuiteRunner.java:413)
	at org.testng.SuiteRunner.privateRun(SuiteRunner.java:373)
	at org.testng.SuiteRunner.run(SuiteRunner.java:312)
	at org.testng.SuiteRunnerWorker.runSuite(SuiteRunnerWorker.java:52)
	at org.testng.SuiteRunnerWorker.run(SuiteRunnerWorker.java:95)
	at org.testng.TestNG.runSuitesSequentially(TestNG.java:1274)
	at org.testng.TestNG.runSuitesLocally(TestNG.java:1208)
	at org.testng.TestNG.runSuites(TestNG.java:1112)
	at org.testng.TestNG.run(TestNG.java:1079)
	at org.apache.maven.surefire.testng.TestNGExecutor.run(TestNGExecutor.java:308)
	at org.apache.maven.surefire.testng.TestNGXmlTestSuite.execute(TestNGXmlTestSuite.java:71)
	at org.apache.maven.surefire.testng.TestNGProvider.invoke(TestNGProvider.java:113)
	at org.apache.maven.surefire.booter.ForkedBooter.runSuitesInProcess(ForkedBooter.java:385)
	at org.apache.maven.surefire.booter.ForkedBooter.execute(ForkedBooter.java:162)
	at org.apache.maven.surefire.booter.ForkedBooter.run(ForkedBooter.java:507)
	at org.apache.maven.surefire.booter.ForkedBooter.main(ForkedBooter.java:495)
]]></failure>
    <system-out><![CDATA[12:25:38 INFO  [main] com.idrx.qa.util.TestUtil - 🌐 Launching URL: https://sks.clarix.in/home
12:25:39 INFO  [main] com.idrx.qa.util.TestUtil - ✅ URL launched successfully
12:25:39 INFO  [main] com.idrx.qa.util.TestUtil - Entering Value in Username Field → 'admin'
12:25:39 INFO  [main] com.idrx.qa.util.TestUtil - ✅ Entered Value successfully in: Username Field
12:25:39 INFO  [main] com.idrx.qa.util.TestUtil - Entering Value in Password Field → 'admin'
12:25:39 INFO  [main] com.idrx.qa.util.TestUtil - ✅ Entered Value successfully in: Password Field
12:25:39 INFO  [main] com.idrx.qa.util.TestUtil - Clicking on: Submit Button
12:25:40 INFO  [main] com.idrx.qa.util.TestUtil - ✅ Clicked successfully on: Submit Button
12:25:50 INFO  [main] com.idrx.qa.util.TestUtil - Clicking on: Service Tile
12:25:52 INFO  [main] com.idrx.qa.util.TestUtil - ✅ Clicked successfully on: Service Tile
12:25:54 INFO  [main] com.idrx.qa.util.TestUtil - Clicking on: Parts Sales Tile
12:25:55 INFO  [main] com.idrx.qa.util.TestUtil - ✅ Clicked successfully on: Parts Sales Tile
--------Parts Sales/No of Qty--------
12:25:56 INFO  [main] com.idrx.qa.util.TestUtil - Asserting values. Expected: [31907], Actual: [31908]
]]></system-out>
    <system-err><![CDATA[Jun 17, 2025 12:25:38 PM org.openqa.selenium.devtools.CdpVersionFinder findNearestMatch
WARNING: Unable to find an exact match for CDP version 137, returning the closest version; found: 136; Please update to a Selenium version that supports CDP version 137
]]></system-err>
  </testcase>
  <testcase name="partsSalesTest" classname="com.idrx.qa.testcases.PartsSalesTest" time="0.549">
    <failure message="Parts Sales expected [₹ 1.5 Cr] but found [₹1.5 Cr]" type="java.lang.AssertionError"><![CDATA[java.lang.AssertionError: Parts Sales expected [₹ 1.5 Cr] but found [₹1.5 Cr]
	at org.testng.Assert.fail(Assert.java:111)
	at org.testng.Assert.failNotEquals(Assert.java:1590)
	at org.testng.Assert.assertEqualsImpl(Assert.java:150)
	at org.testng.Assert.assertEquals(Assert.java:132)
	at com.idrx.qa.util.TestUtil.assertEquals(TestUtil.java:90)
	at com.idrx.qa.testcases.PartsSalesTest.partsSalesTest(PartsSalesTest.java:60)
	at java.base/jdk.internal.reflect.DirectMethodHandleAccessor.invoke(DirectMethodHandleAccessor.java:103)
	at java.base/java.lang.reflect.Method.invoke(Method.java:580)
	at org.testng.internal.invokers.MethodInvocationHelper.invokeMethod(MethodInvocationHelper.java:141)
	at org.testng.internal.invokers.TestInvoker.invokeMethod(TestInvoker.java:687)
	at org.testng.internal.invokers.TestInvoker.invokeTestMethod(TestInvoker.java:230)
	at org.testng.internal.invokers.MethodRunner.runInSequence(MethodRunner.java:63)
	at org.testng.internal.invokers.TestInvoker$MethodInvocationAgent.invoke(TestInvoker.java:995)
	at org.testng.internal.invokers.TestInvoker.invokeTestMethods(TestInvoker.java:203)
	at org.testng.internal.invokers.TestMethodWorker.invokeTestMethods(TestMethodWorker.java:154)
	at org.testng.internal.invokers.TestMethodWorker.run(TestMethodWorker.java:134)
	at java.base/java.util.ArrayList.forEach(ArrayList.java:1596)
	at org.testng.TestRunner.privateRun(TestRunner.java:741)
	at org.testng.TestRunner.run(TestRunner.java:616)
	at org.testng.SuiteRunner.runTest(SuiteRunner.java:421)
	at org.testng.SuiteRunner.runSequentially(SuiteRunner.java:413)
	at org.testng.SuiteRunner.privateRun(SuiteRunner.java:373)
	at org.testng.SuiteRunner.run(SuiteRunner.java:312)
	at org.testng.SuiteRunnerWorker.runSuite(SuiteRunnerWorker.java:52)
	at org.testng.SuiteRunnerWorker.run(SuiteRunnerWorker.java:95)
	at org.testng.TestNG.runSuitesSequentially(TestNG.java:1274)
	at org.testng.TestNG.runSuitesLocally(TestNG.java:1208)
	at org.testng.TestNG.runSuites(TestNG.java:1112)
	at org.testng.TestNG.run(TestNG.java:1079)
	at org.apache.maven.surefire.testng.TestNGExecutor.run(TestNGExecutor.java:308)
	at org.apache.maven.surefire.testng.TestNGXmlTestSuite.execute(TestNGXmlTestSuite.java:71)
	at org.apache.maven.surefire.testng.TestNGProvider.invoke(TestNGProvider.java:113)
	at org.apache.maven.surefire.booter.ForkedBooter.runSuitesInProcess(ForkedBooter.java:385)
	at org.apache.maven.surefire.booter.ForkedBooter.execute(ForkedBooter.java:162)
	at org.apache.maven.surefire.booter.ForkedBooter.run(ForkedBooter.java:507)
	at org.apache.maven.surefire.booter.ForkedBooter.main(ForkedBooter.java:495)
]]></failure>
    <system-out><![CDATA[finalValueCr: 1.5 Cr
--------Parts Sales/Parts Sales--------
Expected Value: ₹ 1.5 Cr
Actual Value: ₹1.5 Cr
12:25:57 INFO  [main] com.idrx.qa.util.TestUtil - Asserting values. Expected: [₹ 1.5 Cr], Actual: [₹1.5 Cr]
]]></system-out>
  </testcase>
  <testcase name="thisMonthTest" classname="com.idrx.qa.testcases.PartsSalesTest" time="0.466">
    <system-out><![CDATA[--------Parts Sales/This Month--------
Expected Value: ₹ 1.5 Cr
Actual Value: ₹ 1.5 Cr
12:25:58 INFO  [main] com.idrx.qa.util.TestUtil - Asserting values. Expected: [₹ 1.5 Cr], Actual: [₹ 1.5 Cr]
12:25:58 INFO  [main] com.idrx.qa.util.TestUtil - Assertion passed: This Month
]]></system-out>
  </testcase>
  <testcase name="previousMonthTest" classname="com.idrx.qa.testcases.PartsSalesTest" time="0.421">
    <system-out><![CDATA[finalValueCr: 3.0 Cr
--------Parts Sales/Previous Month--------
Expected Value: ₹ 3.0 Cr
Actual Value: ₹ 3.0 Cr
12:25:58 INFO  [main] com.idrx.qa.util.TestUtil - Asserting values. Expected: [₹ 3.0 Cr], Actual: [₹ 3.0 Cr]
12:25:58 INFO  [main] com.idrx.qa.util.TestUtil - Assertion passed: Previous Month
]]></system-out>
  </testcase>
</testsuite>