<?xml version="1.0" encoding="UTF-8"?>
<testsuite xmlns:xsi="http://www.w3.org/2001/XMLSchema-instance" xsi:noNamespaceSchemaLocation="https://maven.apache.org/surefire/maven-surefire-plugin/xsd/surefire-test-report.xsd" version="3.0.1" name="com.idrx.qa.testcases.BookingsPageTest" time="25.071" tests="6" errors="0" skipped="0" failures="0">
  <properties>
[...]
</properties>
  <testcase name="bookingYesterdayTest" classname="com.idrx.qa.testcases.BookingsPageTest" time="1.375">
    <system-out><![CDATA[15:47:43 INFO  [main] com.idrx.qa.util.TestUtil - 🌐 Launching URL: https://sks.clarix.in/home
15:47:44 INFO  [main] com.idrx.qa.util.TestUtil - ✅ URL launched successfully
15:47:44 INFO  [main] com.idrx.qa.util.TestUtil - Entering Value in Username Field → 'admin'
15:47:44 INFO  [main] com.idrx.qa.util.TestUtil - ✅ Entered Value successfully in: Username Field
15:47:44 INFO  [main] com.idrx.qa.util.TestUtil - Entering Value in Password Field → 'admin'
15:47:45 INFO  [main] com.idrx.qa.util.TestUtil - ✅ Entered Value successfully in: Password Field
15:47:45 INFO  [main] com.idrx.qa.util.TestUtil - Clicking on: Submit Button
15:47:45 INFO  [main] com.idrx.qa.util.TestUtil - ✅ Clicked successfully on: Submit Button
--------Bookings/No of Bookings Yesterday--------
15:48:03 INFO  [main] com.idrx.qa.util.TestUtil - Asserting values. Expected: [13], Actual: [13]
15:48:03 INFO  [main] com.idrx.qa.util.TestUtil - Assertion passed: No of  Bookings Yesterday
]]></system-out>
    <system-err><![CDATA[SLF4J(W): No SLF4J providers were found.
SLF4J(W): Defaulting to no-operation (NOP) logger implementation
SLF4J(W): See https://www.slf4j.org/codes.html#noProviders for further details.
Jun 11, 2025 3:47:43 PM org.openqa.selenium.devtools.CdpVersionFinder findNearestMatch
WARNING: Unable to find an exact match for CDP version 137, returning the closest version; found: 136; Please update to a Selenium version that supports CDP version 137
]]></system-err>
  </testcase>
  <testcase name="bookingThisMonthTest" classname="com.idrx.qa.testcases.BookingsPageTest" time="0.276">
    <system-out><![CDATA[--------Bookings/No of Bookings This Month--------
15:48:03 INFO  [main] com.idrx.qa.util.TestUtil - Asserting values. Expected: [59], Actual: [59]
15:48:03 INFO  [main] com.idrx.qa.util.TestUtil - Assertion passed: No of  Bookings This Month
]]></system-out>
  </testcase>
  <testcase name="pendingBookingsTest" classname="com.idrx.qa.testcases.BookingsPageTest" time="0.345">
    <system-out><![CDATA[--------Bookings/Pending Bookings--------
15:48:03 INFO  [main] com.idrx.qa.util.TestUtil - Asserting values. Expected: [667], Actual: [667]
15:48:03 INFO  [main] com.idrx.qa.util.TestUtil - Assertion passed: No of  Pending Bookings
]]></system-out>
  </testcase>
  <testcase name="previousMonthTest" classname="com.idrx.qa.testcases.BookingsPageTest" time="0.28">
    <system-out><![CDATA[--------Bookings/Previous Month--------
15:48:04 INFO  [main] com.idrx.qa.util.TestUtil - Asserting values. Expected: [185], Actual: [185]
15:48:04 INFO  [main] com.idrx.qa.util.TestUtil - Assertion passed: No of  Previous Month
]]></system-out>
  </testcase>
  <testcase name="currentMonthTest" classname="com.idrx.qa.testcases.BookingsPageTest" time="0.25">
    <system-out><![CDATA[--------Bookings/Current Month--------
15:48:04 INFO  [main] com.idrx.qa.util.TestUtil - Asserting values. Expected: [59], Actual: [59]
15:48:04 INFO  [main] com.idrx.qa.util.TestUtil - Assertion passed: No of  Current Month
]]></system-out>
  </testcase>
  <testcase name="salesmanWisePendingBookingsTest" classname="com.idrx.qa.testcases.BookingsPageTest" time="0.267">
    <system-out><![CDATA[--------Bookings/Salesman Wise Pending Bookings--------
15:48:04 INFO  [main] com.idrx.qa.util.TestUtil - Asserting values. Expected: [667], Actual: [667]
15:48:04 INFO  [main] com.idrx.qa.util.TestUtil - Assertion passed: No of  Salesman Wise Pending Bookings
]]></system-out>
  </testcase>
</testsuite>