<?xml version="1.0" encoding="UTF-8"?>
<!-- Generated by org.testng.reporters.JUnitXMLReporter -->
<testsuite ignored="0" hostname="I21097" failures="3" tests="8" name="Surefire test" time="22.731" errors="0" timestamp="2025-05-14T16:49:52 IST">
  <testcase classname="com.idrx.qa.testcases.LoginPageTest" name="vehicleSoldTest" time="2.8"/>
  <testcase classname="com.idrx.qa.testcases.LoginPageTest" name="vehicleSalesTest" time="0.274"/>
  <testcase classname="com.idrx.qa.testcases.LoginPageTest" name="vehicleBookedYesterdayTest" time="0.307">
    <failure type="java.lang.AssertionError" message="Vehicle Booked Yesterday expected [5] but found [0]">
      <![CDATA[java.lang.AssertionError: Vehicle Booked Yesterday expected [5] but found [0]
at com.idrx.qa.util.TestUtil.assertEquals(TestUtil.java:85)
at com.idrx.qa.testcases.LoginPageTest.vehicleBookedYesterdayTest(LoginPageTest.java:69)
at java.base/java.util.ArrayList.forEach(ArrayList.java:1596)
... Removed 34 stack frames]]>
    </failure>
  </testcase> <!-- vehicleBookedYesterdayTest -->
  <testcase classname="com.idrx.qa.testcases.LoginPageTest" name="vehicleInvoicedYesterdayTest" time="0.317"/>
  <testcase classname="com.idrx.qa.testcases.LoginPageTest" name="vehicleInvoicedThisMonthTest" time="0.358">
    <failure type="java.lang.AssertionError" message="vehicle Invoiced this month expected [8] but found [2]">
      <![CDATA[java.lang.AssertionError: vehicle Invoiced this month expected [8] but found [2]
at com.idrx.qa.util.TestUtil.assertEquals(TestUtil.java:85)
at com.idrx.qa.testcases.LoginPageTest.vehicleInvoicedThisMonthTest(LoginPageTest.java:91)
at java.base/java.util.ArrayList.forEach(ArrayList.java:1596)
... Removed 34 stack frames]]>
    </failure>
  </testcase> <!-- vehicleInvoicedThisMonthTest -->
  <testcase classname="com.idrx.qa.testcases.LoginPageTest" name="vehicleInvoicedButNotDeliveredTest" time="0.278">
    <failure type="java.lang.AssertionError" message="Vehicle Invoiced but not delivered expected [51] but found [69]">
      <![CDATA[java.lang.AssertionError: Vehicle Invoiced but not delivered expected [51] but found [69]
at com.idrx.qa.util.TestUtil.assertEquals(TestUtil.java:85)
at com.idrx.qa.testcases.LoginPageTest.vehicleInvoicedButNotDeliveredTest(LoginPageTest.java:102)
at java.base/java.util.ArrayList.forEach(ArrayList.java:1596)
... Removed 34 stack frames]]>
    </failure>
  </testcase> <!-- vehicleInvoicedButNotDeliveredTest -->
  <testcase classname="com.idrx.qa.testcases.LoginPageTest" name="currentMonthTest" time="0.317"/>
  <testcase classname="com.idrx.qa.testcases.LoginPageTest" name="marchMonthSalesTrendTest" time="0.317"/>
</testsuite> <!-- Surefire test -->
